
Cell138
Script is beginning...
Analysis complete for Cell138.R1.fastq.gz
Analysis complete for Cell138.R2.fastq.gz
FastQC complete
Jan 26 20:03:54 ..... Started STAR run
Jan 26 20:10:14 ..... Started mapping
Jan 26 20:10:33 ..... Started sorting BAM
Jan 26 20:10:41 ..... Finished successfully
STAR alignment complete

Cell138
Script is beginning...
Analysis complete for Cell138.R1.fastq.gz
Analysis complete for Cell138.R2.fastq.gz
FastQC complete
Jan 26 22:55:26 ..... Started STAR run
Jan 26 22:55:39 ..... Started mapping
Jan 26 22:55:58 ..... Started sorting BAM
Jan 26 22:56:11 ..... Finished successfully
STAR alignment complete
