
Cell129
Script is beginning...
Analysis complete for Cell129.R1.fastq.gz
Analysis complete for Cell129.R2.fastq.gz
FastQC complete
Jan 26 19:44:50 ..... Started STAR run
Jan 26 19:50:53 ..... Started mapping
Jan 26 19:51:13 ..... Started sorting BAM
Jan 26 19:51:15 ..... Finished successfully
STAR alignment complete

Cell129
Script is beginning...
Analysis complete for Cell129.R1.fastq.gz
Analysis complete for Cell129.R2.fastq.gz
FastQC complete
Jan 26 22:48:35 ..... Started STAR run
Jan 26 22:48:47 ..... Started mapping
Jan 26 22:49:01 ..... Started sorting BAM
Jan 26 22:49:02 ..... Finished successfully
STAR alignment complete
