
Cell63
Script is beginning...
Analysis complete for Cell63.R1.fastq.gz
Analysis complete for Cell63.R2.fastq.gz
FastQC complete
Jan 26 21:26:54 ..... Started STAR run
Jan 26 21:34:31 ..... Started mapping
Jan 26 21:34:54 ..... Started sorting BAM
Jan 26 21:35:05 ..... Finished successfully
STAR alignment complete

Cell63
Script is beginning...
Analysis complete for Cell63.R1.fastq.gz
Analysis complete for Cell63.R2.fastq.gz
FastQC complete
Jan 27 02:12:42 ..... Started STAR run
Jan 27 02:26:43 ..... Started mapping
Jan 27 02:27:52 ..... Started sorting BAM
Jan 27 02:28:13 ..... Finished successfully
STAR alignment complete
