
Cell159
Script is beginning...
Analysis complete for Cell159.R1.fastq.gz
Analysis complete for Cell159.R2.fastq.gz
FastQC complete
Jan 26 20:23:36 ..... Started STAR run
Jan 26 20:24:28 ..... Started mapping
Jan 26 20:24:45 ..... Started sorting BAM
Jan 26 20:24:52 ..... Finished successfully
STAR alignment complete

Cell159
Script is beginning...
Analysis complete for Cell159.R1.fastq.gz
Analysis complete for Cell159.R2.fastq.gz
FastQC complete
Jan 26 23:12:49 ..... Started STAR run
Jan 26 23:27:15 ..... Started mapping
Jan 26 23:27:32 ..... Started sorting BAM
Jan 26 23:27:51 ..... Finished successfully
STAR alignment complete
