
Cell87
Script is beginning...
Analysis complete for Cell87.R1.fastq.gz
Analysis complete for Cell87.R2.fastq.gz
FastQC complete
Jan 26 21:56:56 ..... Started STAR run
Jan 26 22:11:26 ..... Started mapping
Jan 26 22:11:44 ..... Started sorting BAM
Jan 26 22:11:53 ..... Finished successfully
STAR alignment complete

Cell87
Script is beginning...
Analysis complete for Cell87.R1.fastq.gz
Analysis complete for Cell87.R2.fastq.gz
FastQC complete
Jan 27 02:50:55 ..... Started STAR run
Jan 27 02:59:04 ..... Started mapping
Jan 27 02:59:28 ..... Started sorting BAM
Jan 27 02:59:47 ..... Finished successfully
STAR alignment complete
