
Cell2
Script is beginning...
Analysis complete for Cell2.R1.fastq.gz
Analysis complete for Cell2.R2.fastq.gz
FastQC complete
Jan 26 21:01:09 ..... Started STAR run
Jan 26 21:01:29 ..... Started mapping
Jan 26 21:01:49 ..... Started sorting BAM
Jan 26 21:01:59 ..... Finished successfully
STAR alignment complete

Cell2
Script is beginning...
Analysis complete for Cell2.R1.fastq.gz
Analysis complete for Cell2.R2.fastq.gz
FastQC complete
Jan 27 01:11:29 ..... Started STAR run
Jan 27 01:21:02 ..... Started mapping
Jan 27 01:21:24 ..... Started sorting BAM
Jan 27 01:21:51 ..... Finished successfully
STAR alignment complete
