
Cell82
Script is beginning...
Analysis complete for Cell82.R1.fastq.gz
Analysis complete for Cell82.R2.fastq.gz
FastQC complete
Jan 26 21:48:11 ..... Started STAR run
Jan 26 22:01:58 ..... Started mapping
Jan 26 22:02:18 ..... Started sorting BAM
Jan 26 22:02:24 ..... Finished successfully
STAR alignment complete

Cell82
Script is beginning...
Analysis complete for Cell82.R1.fastq.gz
Analysis complete for Cell82.R2.fastq.gz
FastQC complete
Jan 27 02:49:49 ..... Started STAR run
Jan 27 02:56:26 ..... Started mapping
Jan 27 02:56:43 ..... Started sorting BAM
Jan 27 02:56:48 ..... Finished successfully
STAR alignment complete
