
Cell47
Script is beginning...
Analysis complete for Cell47.R1.fastq.gz
Analysis complete for Cell47.R2.fastq.gz
FastQC complete
Jan 26 21:14:51 ..... Started STAR run
Jan 26 21:15:45 ..... Started mapping
Jan 26 21:15:52 ..... Started sorting BAM
Jan 26 21:15:54 ..... Finished successfully
STAR alignment complete

Cell47
Script is beginning...
Analysis complete for Cell47.R1.fastq.gz
Analysis complete for Cell47.R2.fastq.gz
FastQC complete
Jan 27 01:37:43 ..... Started STAR run
Jan 27 01:46:42 ..... Started mapping
Jan 27 01:46:49 ..... Started sorting BAM
Jan 27 01:46:50 ..... Finished successfully
STAR alignment complete
