
Cell158
Script is beginning...
Analysis complete for Cell158.R1.fastq.gz
Analysis complete for Cell158.R2.fastq.gz
FastQC complete
Jan 26 20:23:14 ..... Started STAR run
Jan 26 20:24:10 ..... Started mapping
Jan 26 20:24:28 ..... Started sorting BAM
Jan 26 20:24:33 ..... Finished successfully
STAR alignment complete

Cell158
Script is beginning...
Analysis complete for Cell158.R1.fastq.gz
Analysis complete for Cell158.R2.fastq.gz
FastQC complete
Jan 26 23:12:44 ..... Started STAR run
Jan 26 23:18:39 ..... Started mapping
Jan 26 23:18:56 ..... Started sorting BAM
Jan 26 23:19:08 ..... Finished successfully
STAR alignment complete
