
Cell153
Script is beginning...
Analysis complete for Cell153.R1.fastq.gz
Analysis complete for Cell153.R2.fastq.gz
FastQC complete
Jan 26 20:19:27 ..... Started STAR run
Jan 26 20:19:40 ..... Started mapping
Jan 26 20:19:56 ..... Started sorting BAM
Jan 26 20:20:00 ..... Finished successfully
STAR alignment complete

Cell153
Script is beginning...
Analysis complete for Cell153.R1.fastq.gz
Analysis complete for Cell153.R2.fastq.gz
FastQC complete
Jan 26 23:07:54 ..... Started STAR run
Jan 26 23:17:06 ..... Started mapping
Jan 26 23:17:24 ..... Started sorting BAM
Jan 26 23:17:26 ..... Finished successfully
STAR alignment complete
