
Cell12
Script is beginning...
Analysis complete for Cell12.R1.fastq.gz
Analysis complete for Cell12.R2.fastq.gz
FastQC complete
Jan 26 19:45:59 ..... Started STAR run
Jan 26 19:59:47 ..... Started mapping
Jan 26 20:00:12 ..... Started sorting BAM
Jan 26 20:00:37 ..... Finished successfully
STAR alignment complete

Cell12
Script is beginning...
Analysis complete for Cell12.R1.fastq.gz
Analysis complete for Cell12.R2.fastq.gz
FastQC complete
Jan 26 22:49:20 ..... Started STAR run
Jan 26 22:58:39 ..... Started mapping
Jan 26 22:59:03 ..... Started sorting BAM
Jan 26 22:59:30 ..... Finished successfully
STAR alignment complete
