
Cell54
Script is beginning...
Analysis complete for Cell54.R1.fastq.gz
Analysis complete for Cell54.R2.fastq.gz
FastQC complete
Jan 26 21:18:32 ..... Started STAR run
Jan 26 21:26:06 ..... Started mapping
Jan 26 21:26:08 ..... Started sorting BAM
Jan 26 21:26:09 ..... Finished successfully
STAR alignment complete

Cell54
Script is beginning...
Analysis complete for Cell54.R1.fastq.gz
Analysis complete for Cell54.R2.fastq.gz
FastQC complete
Jan 27 01:53:02 ..... Started STAR run
Jan 27 02:10:47 ..... Started mapping
Jan 27 02:10:49 ..... Started sorting BAM
Jan 27 02:11:07 ..... Finished successfully
STAR alignment complete
