
Cell168
Script is beginning...
Analysis complete for Cell168.R1.fastq.gz
Analysis complete for Cell168.R2.fastq.gz
FastQC complete
Jan 26 20:32:51 ..... Started STAR run
Jan 26 20:38:16 ..... Started mapping
Jan 26 20:38:24 ..... Started sorting BAM
Jan 26 20:38:24 ..... Finished successfully
STAR alignment complete

Cell168
Script is beginning...
Analysis complete for Cell168.R1.fastq.gz
Analysis complete for Cell168.R2.fastq.gz
FastQC complete
Jan 26 23:26:04 ..... Started STAR run
Jan 26 23:32:10 ..... Started mapping
Jan 26 23:32:16 ..... Started sorting BAM
Jan 26 23:32:17 ..... Finished successfully
STAR alignment complete
