
Cell19
Script is beginning...
Analysis complete for Cell19.R1.fastq.gz
Analysis complete for Cell19.R2.fastq.gz
FastQC complete
Jan 26 20:50:19 ..... Started STAR run
Jan 26 20:50:47 ..... Started mapping
Jan 26 20:50:48 ..... Started sorting BAM
Jan 26 20:50:48 ..... Finished successfully
STAR alignment complete

Cell19
Script is beginning...
Analysis complete for Cell19.R1.fastq.gz
Analysis complete for Cell19.R2.fastq.gz
FastQC complete
Jan 26 23:53:19 ..... Started STAR run
Jan 27 00:13:11 ..... Started mapping
Jan 27 00:13:15 ..... Started sorting BAM
Jan 27 00:13:21 ..... Finished successfully
STAR alignment complete
