
Cell183
Script is beginning...
Analysis complete for Cell183.R1.fastq.gz
Analysis complete for Cell183.R2.fastq.gz
FastQC complete
Jan 26 20:43:47 ..... Started STAR run
Jan 26 20:44:00 ..... Started mapping
Jan 26 20:44:16 ..... Started sorting BAM
Jan 26 20:44:21 ..... Finished successfully
STAR alignment complete

Cell183
Script is beginning...
Analysis complete for Cell183.R1.fastq.gz
Analysis complete for Cell183.R2.fastq.gz
FastQC complete
Jan 26 23:40:34 ..... Started STAR run
Jan 26 23:52:36 ..... Started mapping
Jan 26 23:52:54 ..... Started sorting BAM
Jan 26 23:53:03 ..... Finished successfully
STAR alignment complete
