
Cell11
Script is beginning...
Analysis complete for Cell11.R1.fastq.gz
Analysis complete for Cell11.R2.fastq.gz
FastQC complete
Jan 26 19:18:08 ..... Started STAR run
Jan 26 19:26:18 ..... Started mapping
Jan 26 19:26:36 ..... Started sorting BAM
Jan 26 19:26:45 ..... Finished successfully
STAR alignment complete

Cell11
Script is beginning...
Analysis complete for Cell11.R1.fastq.gz
Analysis complete for Cell11.R2.fastq.gz
FastQC complete
Jan 26 22:37:15 ..... Started STAR run
Jan 26 22:48:25 ..... Started mapping
Jan 26 22:48:42 ..... Started sorting BAM
Jan 26 22:48:47 ..... Finished successfully
STAR alignment complete
