
Cell96
Script is beginning...
Analysis complete for Cell96.R1.fastq.gz
Analysis complete for Cell96.R2.fastq.gz
FastQC complete
Jan 26 22:11:33 ..... Started STAR run
Jan 26 22:18:14 ..... Started mapping
Jan 26 22:18:17 ..... Started sorting BAM
Jan 26 22:18:18 ..... Finished successfully
STAR alignment complete

Cell96
Script is beginning...
Analysis complete for Cell96.R1.fastq.gz
Analysis complete for Cell96.R2.fastq.gz
FastQC complete
Jan 27 03:00:16 ..... Started STAR run
Jan 27 03:20:53 ..... Started mapping
Jan 27 03:20:55 ..... Started sorting BAM
Jan 27 03:20:56 ..... Finished successfully
STAR alignment complete
