
Cell185
Script is beginning...
Analysis complete for Cell185.R1.fastq.gz
Analysis complete for Cell185.R2.fastq.gz
FastQC complete
Jan 26 20:44:50 ..... Started STAR run
Jan 26 20:45:03 ..... Started mapping
Jan 26 20:45:22 ..... Started sorting BAM
Jan 26 20:45:32 ..... Finished successfully
STAR alignment complete

Cell185
Script is beginning...
Analysis complete for Cell185.R1.fastq.gz
Analysis complete for Cell185.R2.fastq.gz
FastQC complete
Jan 26 23:45:45 ..... Started STAR run
Jan 26 23:51:19 ..... Started mapping
Jan 26 23:51:36 ..... Started sorting BAM
Jan 26 23:51:42 ..... Finished successfully
STAR alignment complete
