
Cell107
Script is beginning...
Analysis complete for Cell107.R1.fastq.gz
Analysis complete for Cell107.R2.fastq.gz
FastQC complete
Jan 26 18:38:53 ..... Started STAR run
Jan 26 18:50:49 ..... Started mapping
Jan 26 18:51:14 ..... Started sorting BAM
Jan 26 18:51:29 ..... Finished successfully
STAR alignment complete

Cell107
Script is beginning...
Analysis complete for Cell107.R1.fastq.gz
Analysis complete for Cell107.R2.fastq.gz
FastQC complete
Jan 26 22:19:18 ..... Started STAR run
Jan 26 22:19:31 ..... Started mapping
Jan 26 22:19:47 ..... Started sorting BAM
Jan 26 22:19:58 ..... Finished successfully
STAR alignment complete
