
Cell121
Script is beginning...
Analysis complete for Cell121.R1.fastq.gz
Analysis complete for Cell121.R2.fastq.gz
FastQC complete
Jan 26 19:20:39 ..... Started STAR run
Jan 26 19:34:37 ..... Started mapping
Jan 26 19:35:02 ..... Started sorting BAM
Jan 26 19:35:15 ..... Finished successfully
STAR alignment complete

Cell121
Script is beginning...
Analysis complete for Cell121.R1.fastq.gz
Analysis complete for Cell121.R2.fastq.gz
FastQC complete
Jan 26 22:40:05 ..... Started STAR run
Jan 26 22:41:35 ..... Started mapping
Jan 26 22:41:52 ..... Started sorting BAM
Jan 26 22:42:06 ..... Finished successfully
STAR alignment complete
