
Cell106
Script is beginning...
Analysis complete for Cell106.R1.fastq.gz
Analysis complete for Cell106.R2.fastq.gz
FastQC complete
Jan 26 18:38:34 ..... Started STAR run
Jan 26 18:50:49 ..... Started mapping
Jan 26 18:51:15 ..... Started sorting BAM
Jan 26 18:51:31 ..... Finished successfully
STAR alignment complete

Cell106
Script is beginning...
Analysis complete for Cell106.R1.fastq.gz
Analysis complete for Cell106.R2.fastq.gz
FastQC complete
Jan 26 22:19:19 ..... Started STAR run
Jan 26 22:25:30 ..... Started mapping
Jan 26 22:25:51 ..... Started sorting BAM
Jan 26 22:26:05 ..... Finished successfully
STAR alignment complete
