
Cell10
Script is beginning...
Analysis complete for Cell10.R1.fastq.gz
Analysis complete for Cell10.R2.fastq.gz
FastQC complete
Jan 26 18:51:24 ..... Started STAR run
Jan 26 19:03:46 ..... Started mapping
Jan 26 19:04:08 ..... Started sorting BAM
Jan 26 19:04:21 ..... Finished successfully
STAR alignment complete

Cell10
Script is beginning...
Analysis complete for Cell10.R1.fastq.gz
Analysis complete for Cell10.R2.fastq.gz
FastQC complete
Jan 26 22:25:17 ..... Started STAR run
Jan 26 22:36:19 ..... Started mapping
Jan 26 22:36:38 ..... Started sorting BAM
Jan 26 22:36:46 ..... Finished successfully
STAR alignment complete
