
Cell64
Script is beginning...
Analysis complete for Cell64.R1.fastq.gz
Analysis complete for Cell64.R2.fastq.gz
FastQC complete
Jan 26 21:27:01 ..... Started STAR run
Jan 26 21:34:31 ..... Started mapping
Jan 26 21:34:53 ..... Started sorting BAM
Jan 26 21:35:03 ..... Finished successfully
STAR alignment complete

Cell64
Script is beginning...
Analysis complete for Cell64.R1.fastq.gz
Analysis complete for Cell64.R2.fastq.gz
FastQC complete
Jan 27 02:14:02 ..... Started STAR run
Jan 27 02:26:05 ..... Started mapping
Jan 27 02:26:27 ..... Started sorting BAM
Jan 27 02:26:41 ..... Finished successfully
STAR alignment complete
