
Cell40
Script is beginning...
Analysis complete for Cell40.R1.fastq.gz
Analysis complete for Cell40.R2.fastq.gz
FastQC complete
Jan 26 21:11:07 ..... Started STAR run
Jan 26 21:17:36 ..... Started mapping
Jan 26 21:17:38 ..... Started sorting BAM
Jan 26 21:17:39 ..... Finished successfully
STAR alignment complete

Cell40
Script is beginning...
Analysis complete for Cell40.R1.fastq.gz
Analysis complete for Cell40.R2.fastq.gz
FastQC complete
Jan 27 01:27:47 ..... Started STAR run
Jan 27 01:36:33 ..... Started mapping
Jan 27 01:36:35 ..... Started sorting BAM
Jan 27 01:36:37 ..... Finished successfully
STAR alignment complete
