
Cell30
Script is beginning...
Analysis complete for Cell30.R1.fastq.gz
Analysis complete for Cell30.R2.fastq.gz
FastQC complete
Jan 26 21:02:21 ..... Started STAR run
Jan 26 21:05:30 ..... Started mapping
Jan 26 21:05:38 ..... Started sorting BAM
Jan 26 21:05:39 ..... Finished successfully
STAR alignment complete

Cell30
Script is beginning...
Analysis complete for Cell30.R1.fastq.gz
Analysis complete for Cell30.R2.fastq.gz
FastQC complete
Jan 27 01:11:31 ..... Started STAR run
Jan 27 01:42:16 ..... Started mapping
Jan 27 01:42:28 ..... Started sorting BAM
Jan 27 01:42:29 ..... Finished successfully
STAR alignment complete
