
Cell73
Script is beginning...
Analysis complete for Cell73.R1.fastq.gz
Analysis complete for Cell73.R2.fastq.gz
FastQC complete
Jan 26 21:38:58 ..... Started STAR run
Jan 26 21:55:39 ..... Started mapping
Jan 26 21:56:08 ..... Started sorting BAM
Jan 26 21:56:15 ..... Finished successfully
STAR alignment complete

Cell73
Script is beginning...
Analysis complete for Cell73.R1.fastq.gz
Analysis complete for Cell73.R2.fastq.gz
FastQC complete
Jan 27 02:29:09 ..... Started STAR run
Jan 27 02:44:55 ..... Started mapping
Jan 27 02:45:17 ..... Started sorting BAM
Jan 27 02:45:45 ..... Finished successfully
STAR alignment complete
