
Cell117
Script is beginning...
Analysis complete for Cell117.R1.fastq.gz
Analysis complete for Cell117.R2.fastq.gz
FastQC complete
Jan 26 19:05:26 ..... Started STAR run
Jan 26 19:16:57 ..... Started mapping
Jan 26 19:17:17 ..... Started sorting BAM
Jan 26 19:17:25 ..... Finished successfully
STAR alignment complete

Cell117
Script is beginning...
Analysis complete for Cell117.R1.fastq.gz
Analysis complete for Cell117.R2.fastq.gz
FastQC complete
Jan 26 22:33:47 ..... Started STAR run
Jan 26 22:38:57 ..... Started mapping
Jan 26 22:39:12 ..... Started sorting BAM
Jan 26 22:39:24 ..... Finished successfully
STAR alignment complete
