
Cell119
Script is beginning...
Analysis complete for Cell119.R1.fastq.gz
Analysis complete for Cell119.R2.fastq.gz
FastQC complete
Jan 26 19:17:34 ..... Started STAR run
Jan 26 19:31:09 ..... Started mapping
Jan 26 19:31:33 ..... Started sorting BAM
Jan 26 19:32:02 ..... Finished successfully
STAR alignment complete

Cell119
Script is beginning...
Analysis complete for Cell119.R1.fastq.gz
Analysis complete for Cell119.R2.fastq.gz
FastQC complete
Jan 26 22:35:34 ..... Started STAR run
Jan 26 22:43:07 ..... Started mapping
Jan 26 22:43:28 ..... Started sorting BAM
Jan 26 22:43:42 ..... Finished successfully
STAR alignment complete
