
Cell76
Script is beginning...
Analysis complete for Cell76.R1.fastq.gz
Analysis complete for Cell76.R2.fastq.gz
FastQC complete
Jan 26 21:39:27 ..... Started STAR run
Jan 26 21:55:39 ..... Started mapping
Jan 26 21:56:13 ..... Started sorting BAM
Jan 26 21:56:21 ..... Finished successfully
STAR alignment complete

Cell76
Script is beginning...
Analysis complete for Cell76.R1.fastq.gz
Analysis complete for Cell76.R2.fastq.gz
FastQC complete
Jan 27 02:38:02 ..... Started STAR run
Jan 27 02:49:34 ..... Started mapping
Jan 27 02:49:59 ..... Started sorting BAM
Jan 27 02:50:20 ..... Finished successfully
STAR alignment complete
