
Cell128
Script is beginning...
Analysis complete for Cell128.R1.fastq.gz
Analysis complete for Cell128.R2.fastq.gz
FastQC complete
Jan 26 19:41:49 ..... Started STAR run
Jan 26 19:53:38 ..... Started mapping
Jan 26 19:53:40 ..... Started sorting BAM
Jan 26 19:53:41 ..... Finished successfully
STAR alignment complete

Cell128
Script is beginning...
Analysis complete for Cell128.R1.fastq.gz
Analysis complete for Cell128.R2.fastq.gz
FastQC complete
Jan 26 22:47:47 ..... Started STAR run
Jan 26 22:48:07 ..... Started mapping
Jan 26 22:48:08 ..... Started sorting BAM
Jan 26 22:48:08 ..... Finished successfully
STAR alignment complete
