
Cell186
Script is beginning...
Analysis complete for Cell186.R1.fastq.gz
Analysis complete for Cell186.R2.fastq.gz
FastQC complete
Jan 26 20:45:02 ..... Started STAR run
Jan 26 20:50:21 ..... Started mapping
Jan 26 20:50:40 ..... Started sorting BAM
Jan 26 20:50:46 ..... Finished successfully
STAR alignment complete

Cell186
Script is beginning...
Analysis complete for Cell186.R1.fastq.gz
Analysis complete for Cell186.R2.fastq.gz
FastQC complete
Jan 26 23:46:16 ..... Started STAR run
Jan 26 23:51:07 ..... Started mapping
Jan 26 23:51:26 ..... Started sorting BAM
Jan 26 23:51:32 ..... Finished successfully
STAR alignment complete
