
Cell192
Script is beginning...
Analysis complete for Cell192.R1.fastq.gz
Analysis complete for Cell192.R2.fastq.gz
FastQC complete
Jan 26 20:49:32 ..... Started STAR run
Jan 26 20:49:49 ..... Started mapping
Jan 26 20:49:57 ..... Started sorting BAM
Jan 26 20:49:58 ..... Finished successfully
STAR alignment complete

Cell192
Script is beginning...
Analysis complete for Cell192.R1.fastq.gz
Analysis complete for Cell192.R2.fastq.gz
FastQC complete
Jan 26 23:52:19 ..... Started STAR run
Jan 27 00:45:31 ..... Started mapping
Jan 27 00:45:34 ..... Started sorting BAM
Jan 27 00:45:35 ..... Finished successfully
STAR alignment complete
