
Cell39
Script is beginning...
Analysis complete for Cell39.R1.fastq.gz
Analysis complete for Cell39.R2.fastq.gz
FastQC complete
Jan 26 21:10:47 ..... Started STAR run
Jan 26 21:12:37 ..... Started mapping
Jan 26 21:12:54 ..... Started sorting BAM
Jan 26 21:13:02 ..... Finished successfully
STAR alignment complete

Cell39
Script is beginning...
Analysis complete for Cell39.R1.fastq.gz
Analysis complete for Cell39.R2.fastq.gz
FastQC complete
Jan 27 01:26:19 ..... Started STAR run
Jan 27 01:38:19 ..... Started mapping
Jan 27 01:38:45 ..... Started sorting BAM
Jan 27 01:39:01 ..... Finished successfully
STAR alignment complete
