
Cell53
Script is beginning...
Analysis complete for Cell53.R1.fastq.gz
Analysis complete for Cell53.R2.fastq.gz
FastQC complete
Jan 26 21:18:24 ..... Started STAR run
Jan 26 21:26:06 ..... Started mapping
Jan 26 21:26:24 ..... Started sorting BAM
Jan 26 21:26:32 ..... Finished successfully
STAR alignment complete

Cell53
Script is beginning...
Analysis complete for Cell53.R1.fastq.gz
Analysis complete for Cell53.R2.fastq.gz
FastQC complete
Jan 27 01:53:06 ..... Started STAR run
Jan 27 02:10:47 ..... Started mapping
Jan 27 02:11:34 ..... Started sorting BAM
Jan 27 02:11:45 ..... Finished successfully
STAR alignment complete
