
Cell189
Script is beginning...
Analysis complete for Cell189.R1.fastq.gz
Analysis complete for Cell189.R2.fastq.gz
FastQC complete
Jan 26 20:47:03 ..... Started STAR run
Jan 26 20:47:26 ..... Started mapping
Jan 26 20:47:26 ..... Started sorting BAM
Jan 26 20:47:27 ..... Finished successfully
STAR alignment complete

Cell189
Script is beginning...
Analysis complete for Cell189.R1.fastq.gz
Analysis complete for Cell189.R2.fastq.gz
FastQC complete
Jan 26 23:51:47 ..... Started STAR run
Jan 26 23:59:19 ..... Started mapping
Jan 26 23:59:23 ..... Started sorting BAM
Jan 26 23:59:24 ..... Finished successfully
STAR alignment complete
