
Cell80
Script is beginning...
Analysis complete for Cell80.R1.fastq.gz
Analysis complete for Cell80.R2.fastq.gz
FastQC complete
Jan 26 21:46:34 ..... Started STAR run
Jan 26 21:49:10 ..... Started mapping
Jan 26 21:49:30 ..... Started sorting BAM
Jan 26 21:49:42 ..... Finished successfully
STAR alignment complete

Cell80
Script is beginning...
Analysis complete for Cell80.R1.fastq.gz
Analysis complete for Cell80.R2.fastq.gz
FastQC complete
Jan 27 02:46:28 ..... Started STAR run
Jan 27 02:59:06 ..... Started mapping
Jan 27 02:59:29 ..... Started sorting BAM
Jan 27 02:59:55 ..... Finished successfully
STAR alignment complete
