
Cell110
Script is beginning...
Analysis complete for Cell110.R1.fastq.gz
Analysis complete for Cell110.R2.fastq.gz
FastQC complete
Jan 26 18:51:56 ..... Started STAR run
Jan 26 19:03:40 ..... Started mapping
Jan 26 19:04:03 ..... Started sorting BAM
Jan 26 19:04:12 ..... Finished successfully
STAR alignment complete

Cell110
Script is beginning...
Analysis complete for Cell110.R1.fastq.gz
Analysis complete for Cell110.R2.fastq.gz
FastQC complete
Jan 26 22:25:07 ..... Started STAR run
Jan 26 22:36:19 ..... Started mapping
Jan 26 22:36:37 ..... Started sorting BAM
Jan 26 22:36:42 ..... Finished successfully
STAR alignment complete
