
Cell78
Script is beginning...
Analysis complete for Cell78.R1.fastq.gz
Analysis complete for Cell78.R2.fastq.gz
FastQC complete
Jan 26 21:43:06 ..... Started STAR run
Jan 26 21:45:25 ..... Started mapping
Jan 26 21:45:48 ..... Started sorting BAM
Jan 26 21:46:01 ..... Finished successfully
STAR alignment complete

Cell78
Script is beginning...
Analysis complete for Cell78.R1.fastq.gz
Analysis complete for Cell78.R2.fastq.gz
FastQC complete
Jan 27 02:38:47 ..... Started STAR run
Jan 27 02:49:00 ..... Started mapping
Jan 27 02:49:38 ..... Started sorting BAM
Jan 27 02:49:50 ..... Finished successfully
STAR alignment complete
