
Cell66
Script is beginning...
Analysis complete for Cell66.R1.fastq.gz
Analysis complete for Cell66.R2.fastq.gz
FastQC complete
Jan 26 21:30:59 ..... Started STAR run
Jan 26 21:37:39 ..... Started mapping
Jan 26 21:38:06 ..... Started sorting BAM
Jan 26 21:38:18 ..... Finished successfully
STAR alignment complete

Cell66
Script is beginning...
Analysis complete for Cell66.R1.fastq.gz
Analysis complete for Cell66.R2.fastq.gz
FastQC complete
Jan 27 02:17:30 ..... Started STAR run
Jan 27 02:36:43 ..... Started mapping
Jan 27 02:37:06 ..... Started sorting BAM
Jan 27 02:37:19 ..... Finished successfully
STAR alignment complete
