
Cell113
Script is beginning...
Analysis complete for Cell113.R1.fastq.gz
Analysis complete for Cell113.R2.fastq.gz
FastQC complete
Jan 26 19:01:08 ..... Started STAR run
Jan 26 19:19:16 ..... Started mapping
Jan 26 19:19:39 ..... Started sorting BAM
Jan 26 19:19:50 ..... Finished successfully
STAR alignment complete

Cell113
Script is beginning...
Analysis complete for Cell113.R1.fastq.gz
Analysis complete for Cell113.R2.fastq.gz
FastQC complete
Jan 26 22:26:35 ..... Started STAR run
Jan 26 22:34:24 ..... Started mapping
Jan 26 22:34:49 ..... Started sorting BAM
Jan 26 22:35:00 ..... Finished successfully
STAR alignment complete
