
Cell133
Script is beginning...
Analysis complete for Cell133.R1.fastq.gz
Analysis complete for Cell133.R2.fastq.gz
FastQC complete
Jan 26 19:53:51 ..... Started STAR run
Jan 26 19:58:30 ..... Started mapping
Jan 26 19:58:46 ..... Started sorting BAM
Jan 26 19:59:00 ..... Finished successfully
STAR alignment complete

Cell133
Script is beginning...
Analysis complete for Cell133.R1.fastq.gz
Analysis complete for Cell133.R2.fastq.gz
FastQC complete
Jan 26 22:51:18 ..... Started STAR run
Jan 26 22:56:40 ..... Started mapping
Jan 26 22:57:01 ..... Started sorting BAM
Jan 26 22:57:09 ..... Finished successfully
STAR alignment complete
