
Cell18
Script is beginning...
Analysis complete for Cell18.R1.fastq.gz
Analysis complete for Cell18.R2.fastq.gz
FastQC complete
Jan 26 20:47:48 ..... Started STAR run
Jan 26 20:48:00 ..... Started mapping
Jan 26 20:48:02 ..... Started sorting BAM
Jan 26 20:48:02 ..... Finished successfully
STAR alignment complete

Cell18
Script is beginning...
Analysis complete for Cell18.R1.fastq.gz
Analysis complete for Cell18.R2.fastq.gz
FastQC complete
Jan 26 23:51:47 ..... Started STAR run
Jan 27 00:02:03 ..... Started mapping
Jan 27 00:02:07 ..... Started sorting BAM
Jan 27 00:02:10 ..... Finished successfully
STAR alignment complete
