
Cell176
Script is beginning...
Analysis complete for Cell176.R1.fastq.gz
Analysis complete for Cell176.R2.fastq.gz
FastQC complete
Jan 26 20:38:35 ..... Started STAR run
Jan 26 20:39:05 ..... Started mapping
Jan 26 20:39:20 ..... Started sorting BAM
Jan 26 20:39:28 ..... Finished successfully
STAR alignment complete

Cell176
Script is beginning...
Analysis complete for Cell176.R1.fastq.gz
Analysis complete for Cell176.R2.fastq.gz
FastQC complete
Jan 26 23:32:57 ..... Started STAR run
Jan 26 23:38:49 ..... Started mapping
Jan 26 23:39:05 ..... Started sorting BAM
Jan 26 23:39:16 ..... Finished successfully
STAR alignment complete
