
Cell23
Script is beginning...
Analysis complete for Cell23.R1.fastq.gz
Analysis complete for Cell23.R2.fastq.gz
FastQC complete
Jan 26 20:54:40 ..... Started STAR run
Jan 26 21:10:30 ..... Started mapping
Jan 26 21:10:46 ..... Started sorting BAM
Jan 26 21:10:50 ..... Finished successfully
STAR alignment complete

Cell23
Script is beginning...
Analysis complete for Cell23.R1.fastq.gz
Analysis complete for Cell23.R2.fastq.gz
FastQC complete
Jan 27 00:03:27 ..... Started STAR run
Jan 27 01:02:32 ..... Started mapping
Jan 27 01:02:51 ..... Started sorting BAM
Jan 27 01:02:56 ..... Finished successfully
STAR alignment complete
