
Cell55
Script is beginning...
Analysis complete for Cell55.R1.fastq.gz
Analysis complete for Cell55.R2.fastq.gz
FastQC complete
Jan 26 21:19:42 ..... Started STAR run
Jan 26 21:23:15 ..... Started mapping
Jan 26 21:23:34 ..... Started sorting BAM
Jan 26 21:23:48 ..... Finished successfully
STAR alignment complete

Cell55
Script is beginning...
Analysis complete for Cell55.R1.fastq.gz
Analysis complete for Cell55.R2.fastq.gz
FastQC complete
Jan 27 01:54:38 ..... Started STAR run
Jan 27 02:15:57 ..... Started mapping
Jan 27 02:16:25 ..... Started sorting BAM
Jan 27 02:16:57 ..... Finished successfully
STAR alignment complete
