
Cell57
Script is beginning...
Analysis complete for Cell57.R1.fastq.gz
Analysis complete for Cell57.R2.fastq.gz
FastQC complete
Jan 26 21:20:19 ..... Started STAR run
Jan 26 21:21:40 ..... Started mapping
Jan 26 21:21:49 ..... Started sorting BAM
Jan 26 21:21:50 ..... Finished successfully
STAR alignment complete

Cell57
Script is beginning...
Analysis complete for Cell57.R1.fastq.gz
Analysis complete for Cell57.R2.fastq.gz
FastQC complete
Jan 27 01:56:35 ..... Started STAR run
Jan 27 02:07:17 ..... Started mapping
Jan 27 02:07:24 ..... Started sorting BAM
Jan 27 02:07:26 ..... Finished successfully
STAR alignment complete
