
Cell32
Script is beginning...
Analysis complete for Cell32.R1.fastq.gz
Analysis complete for Cell32.R2.fastq.gz
FastQC complete
Jan 26 21:04:24 ..... Started STAR run
Jan 26 21:05:14 ..... Started mapping
Jan 26 21:05:33 ..... Started sorting BAM
Jan 26 21:05:45 ..... Finished successfully
STAR alignment complete

Cell32
Script is beginning...
Analysis complete for Cell32.R1.fastq.gz
Analysis complete for Cell32.R2.fastq.gz
FastQC complete
Jan 27 01:12:56 ..... Started STAR run
Jan 27 01:42:16 ..... Started mapping
Jan 27 01:42:39 ..... Started sorting BAM
Jan 27 01:42:50 ..... Finished successfully
STAR alignment complete
