
Cell148
Script is beginning...
Analysis complete for Cell148.R1.fastq.gz
Analysis complete for Cell148.R2.fastq.gz
FastQC complete
Jan 26 20:16:53 ..... Started STAR run
Jan 26 20:17:28 ..... Started mapping
Jan 26 20:17:43 ..... Started sorting BAM
Jan 26 20:17:45 ..... Finished successfully
STAR alignment complete

Cell148
Script is beginning...
Analysis complete for Cell148.R1.fastq.gz
Analysis complete for Cell148.R2.fastq.gz
FastQC complete
Jan 26 23:05:52 ..... Started STAR run
Jan 26 23:11:50 ..... Started mapping
Jan 26 23:12:06 ..... Started sorting BAM
Jan 26 23:12:07 ..... Finished successfully
STAR alignment complete
