
Cell81
Script is beginning...
Analysis complete for Cell81.R1.fastq.gz
Analysis complete for Cell81.R2.fastq.gz
FastQC complete
Jan 26 21:48:25 ..... Started STAR run
Jan 26 22:01:58 ..... Started mapping
Jan 26 22:02:21 ..... Started sorting BAM
Jan 26 22:02:33 ..... Finished successfully
STAR alignment complete

Cell81
Script is beginning...
Analysis complete for Cell81.R1.fastq.gz
Analysis complete for Cell81.R2.fastq.gz
FastQC complete
Jan 27 02:46:28 ..... Started STAR run
Jan 27 02:59:06 ..... Started mapping
Jan 27 02:59:41 ..... Started sorting BAM
Jan 27 02:59:58 ..... Finished successfully
STAR alignment complete
