
Cell136
Script is beginning...
Analysis complete for Cell136.R1.fastq.gz
Analysis complete for Cell136.R2.fastq.gz
FastQC complete
Jan 26 20:00:52 ..... Started STAR run
Jan 26 20:18:35 ..... Started mapping
Jan 26 20:18:46 ..... Started sorting BAM
Jan 26 20:18:47 ..... Finished successfully
STAR alignment complete

Cell136
Script is beginning...
Analysis complete for Cell136.R1.fastq.gz
Analysis complete for Cell136.R2.fastq.gz
FastQC complete
Jan 26 22:53:06 ..... Started STAR run
Jan 26 22:53:17 ..... Started mapping
Jan 26 22:53:27 ..... Started sorting BAM
Jan 26 22:53:28 ..... Finished successfully
STAR alignment complete
