
Cell143
Script is beginning...
Analysis complete for Cell143.R1.fastq.gz
Analysis complete for Cell143.R2.fastq.gz
FastQC complete
Jan 26 20:13:05 ..... Started STAR run
Jan 26 20:18:19 ..... Started mapping
Jan 26 20:18:38 ..... Started sorting BAM
Jan 26 20:18:44 ..... Finished successfully
STAR alignment complete

Cell143
Script is beginning...
Analysis complete for Cell143.R1.fastq.gz
Analysis complete for Cell143.R2.fastq.gz
FastQC complete
Jan 26 22:58:02 ..... Started STAR run
Jan 26 22:58:44 ..... Started mapping
Jan 26 22:59:02 ..... Started sorting BAM
Jan 26 22:59:13 ..... Finished successfully
STAR alignment complete
