
Cell124
Script is beginning...
Analysis complete for Cell124.R1.fastq.gz
Analysis complete for Cell124.R2.fastq.gz
FastQC complete
Jan 26 19:33:02 ..... Started STAR run
Jan 26 19:44:38 ..... Started mapping
Jan 26 19:44:59 ..... Started sorting BAM
Jan 26 19:45:16 ..... Finished successfully
STAR alignment complete

Cell124
Script is beginning...
Analysis complete for Cell124.R1.fastq.gz
Analysis complete for Cell124.R2.fastq.gz
FastQC complete
Jan 26 22:44:23 ..... Started STAR run
Jan 26 22:50:02 ..... Started mapping
Jan 26 22:50:27 ..... Started sorting BAM
Jan 26 22:50:46 ..... Finished successfully
STAR alignment complete
