
Cell70
Script is beginning...
Analysis complete for Cell70.R1.fastq.gz
Analysis complete for Cell70.R2.fastq.gz
FastQC complete
Jan 26 21:35:22 ..... Started STAR run
Jan 26 21:47:24 ..... Started mapping
Jan 26 21:47:42 ..... Started sorting BAM
Jan 26 21:47:47 ..... Finished successfully
STAR alignment complete

Cell70
Script is beginning...
Analysis complete for Cell70.R1.fastq.gz
Analysis complete for Cell70.R2.fastq.gz
FastQC complete
Jan 27 02:26:53 ..... Started STAR run
Jan 27 02:36:43 ..... Started mapping
Jan 27 02:37:27 ..... Started sorting BAM
Jan 27 02:37:31 ..... Finished successfully
STAR alignment complete
