
Cell74
Script is beginning...
Analysis complete for Cell74.R1.fastq.gz
Analysis complete for Cell74.R2.fastq.gz
FastQC complete
Jan 26 21:38:50 ..... Started STAR run
Jan 26 21:45:18 ..... Started mapping
Jan 26 21:45:42 ..... Started sorting BAM
Jan 26 21:45:59 ..... Finished successfully
STAR alignment complete

Cell74
Script is beginning...
Analysis complete for Cell74.R1.fastq.gz
Analysis complete for Cell74.R2.fastq.gz
FastQC complete
Jan 27 02:29:09 ..... Started STAR run
Jan 27 02:44:55 ..... Started mapping
Jan 27 02:45:17 ..... Started sorting BAM
Jan 27 02:45:45 ..... Finished successfully
STAR alignment complete
