
Cell42
Script is beginning...
Analysis complete for Cell42.R1.fastq.gz
Analysis complete for Cell42.R2.fastq.gz
FastQC complete
Jan 26 21:12:22 ..... Started STAR run
Jan 26 21:12:36 ..... Started mapping
Jan 26 21:12:53 ..... Started sorting BAM
Jan 26 21:13:00 ..... Finished successfully
STAR alignment complete

Cell42
Script is beginning...
Analysis complete for Cell42.R1.fastq.gz
Analysis complete for Cell42.R2.fastq.gz
FastQC complete
Jan 27 01:29:48 ..... Started STAR run
Jan 27 01:36:19 ..... Started mapping
Jan 27 01:36:41 ..... Started sorting BAM
Jan 27 01:37:00 ..... Finished successfully
STAR alignment complete
