
Cell127
Script is beginning...
Analysis complete for Cell127.R1.fastq.gz
Analysis complete for Cell127.R2.fastq.gz
FastQC complete
Jan 26 19:37:05 ..... Started STAR run
Jan 26 19:44:20 ..... Started mapping
Jan 26 19:44:23 ..... Started sorting BAM
Jan 26 19:44:23 ..... Finished successfully
STAR alignment complete

Cell127
Script is beginning...
Analysis complete for Cell127.R1.fastq.gz
Analysis complete for Cell127.R2.fastq.gz
FastQC complete
Jan 26 22:46:34 ..... Started STAR run
Jan 26 22:47:26 ..... Started mapping
Jan 26 22:47:28 ..... Started sorting BAM
Jan 26 22:47:28 ..... Finished successfully
STAR alignment complete
