
Cell5
Script is beginning...
Analysis complete for Cell5.R1.fastq.gz
Analysis complete for Cell5.R2.fastq.gz
FastQC complete
Jan 26 21:22:47 ..... Started STAR run
Jan 26 21:30:25 ..... Started mapping
Jan 26 21:30:34 ..... Started sorting BAM
Jan 26 21:30:35 ..... Finished successfully
STAR alignment complete

Cell5
Script is beginning...
Analysis complete for Cell5.R1.fastq.gz
Analysis complete for Cell5.R2.fastq.gz
FastQC complete
Jan 27 02:01:05 ..... Started STAR run
Jan 27 02:13:15 ..... Started mapping
Jan 27 02:13:25 ..... Started sorting BAM
Jan 27 02:13:26 ..... Finished successfully
STAR alignment complete
