
Cell118
Script is beginning...
Analysis complete for Cell118.R1.fastq.gz
Analysis complete for Cell118.R2.fastq.gz
FastQC complete
Jan 26 19:17:37 ..... Started STAR run
Jan 26 19:31:09 ..... Started mapping
Jan 26 19:31:33 ..... Started sorting BAM
Jan 26 19:32:05 ..... Finished successfully
STAR alignment complete

Cell118
Script is beginning...
Analysis complete for Cell118.R1.fastq.gz
Analysis complete for Cell118.R2.fastq.gz
FastQC complete
Jan 26 22:35:11 ..... Started STAR run
Jan 26 22:43:07 ..... Started mapping
Jan 26 22:43:31 ..... Started sorting BAM
Jan 26 22:43:47 ..... Finished successfully
STAR alignment complete
