
Cell4
Script is beginning...
Analysis complete for Cell4.R1.fastq.gz
Analysis complete for Cell4.R2.fastq.gz
FastQC complete
Jan 26 21:16:22 ..... Started STAR run
Jan 26 21:21:59 ..... Started mapping
Jan 26 21:22:15 ..... Started sorting BAM
Jan 26 21:22:20 ..... Finished successfully
STAR alignment complete

Cell4
Script is beginning...
Analysis complete for Cell4.R1.fastq.gz
Analysis complete for Cell4.R2.fastq.gz
FastQC complete
Jan 27 01:42:56 ..... Started STAR run
Jan 27 02:00:23 ..... Started mapping
Jan 27 02:00:36 ..... Started sorting BAM
Jan 27 02:00:38 ..... Finished successfully
STAR alignment complete
