
Cell29
Script is beginning...
Analysis complete for Cell29.R1.fastq.gz
Analysis complete for Cell29.R2.fastq.gz
FastQC complete
Jan 26 21:00:39 ..... Started STAR run
Jan 26 21:06:33 ..... Started mapping
Jan 26 21:06:52 ..... Started sorting BAM
Jan 26 21:06:54 ..... Finished successfully
STAR alignment complete

Cell29
Script is beginning...
Analysis complete for Cell29.R1.fastq.gz
Analysis complete for Cell29.R2.fastq.gz
FastQC complete
Jan 27 01:04:11 ..... Started STAR run
Jan 27 01:18:40 ..... Started mapping
Jan 27 01:19:02 ..... Started sorting BAM
Jan 27 01:19:12 ..... Finished successfully
STAR alignment complete
