
Cell22
Script is beginning...
Analysis complete for Cell22.R1.fastq.gz
Analysis complete for Cell22.R2.fastq.gz
FastQC complete
Jan 26 20:54:55 ..... Started STAR run
Jan 26 21:10:30 ..... Started mapping
Jan 26 21:10:50 ..... Started sorting BAM
Jan 26 21:11:02 ..... Finished successfully
STAR alignment complete

Cell22
Script is beginning...
Analysis complete for Cell22.R1.fastq.gz
Analysis complete for Cell22.R2.fastq.gz
FastQC complete
Jan 27 00:03:19 ..... Started STAR run
Jan 27 01:02:32 ..... Started mapping
Jan 27 01:02:55 ..... Started sorting BAM
Jan 27 01:03:39 ..... Finished successfully
STAR alignment complete
