
Cell137
Script is beginning...
Analysis complete for Cell137.R1.fastq.gz
Analysis complete for Cell137.R2.fastq.gz
FastQC complete
Jan 26 20:01:09 ..... Started STAR run
Jan 26 20:18:35 ..... Started mapping
Jan 26 20:18:56 ..... Started sorting BAM
Jan 26 20:19:03 ..... Finished successfully
STAR alignment complete

Cell137
Script is beginning...
Analysis complete for Cell137.R1.fastq.gz
Analysis complete for Cell137.R2.fastq.gz
FastQC complete
Jan 26 22:54:11 ..... Started STAR run
Jan 26 22:54:23 ..... Started mapping
Jan 26 22:54:39 ..... Started sorting BAM
Jan 26 22:54:50 ..... Finished successfully
STAR alignment complete
