
Cell145
Script is beginning...
Analysis complete for Cell145.R1.fastq.gz
Analysis complete for Cell145.R2.fastq.gz
FastQC complete
Jan 26 20:15:02 ..... Started STAR run
Jan 26 20:15:14 ..... Started mapping
Jan 26 20:15:31 ..... Started sorting BAM
Jan 26 20:15:38 ..... Finished successfully
STAR alignment complete

Cell145
Script is beginning...
Analysis complete for Cell145.R1.fastq.gz
Analysis complete for Cell145.R2.fastq.gz
FastQC complete
Jan 26 23:00:02 ..... Started STAR run
Jan 26 23:09:07 ..... Started mapping
Jan 26 23:09:26 ..... Started sorting BAM
Jan 26 23:09:39 ..... Finished successfully
STAR alignment complete
