
Cell105
Script is beginning...
Analysis complete for Cell105.R1.fastq.gz
Analysis complete for Cell105.R2.fastq.gz
FastQC complete
Jan 26 18:20:51 ..... Started STAR run
Jan 26 18:37:44 ..... Started mapping
Jan 26 18:38:06 ..... Started sorting BAM
Jan 26 18:38:25 ..... Finished successfully
STAR alignment complete

Cell105
Script is beginning...
Analysis complete for Cell105.R1.fastq.gz
Analysis complete for Cell105.R2.fastq.gz
FastQC complete
Jan 26 22:18:42 ..... Started STAR run
Jan 26 22:25:30 ..... Started mapping
Jan 26 22:25:54 ..... Started sorting BAM
Jan 26 22:26:06 ..... Finished successfully
STAR alignment complete
