
Cell31
Script is beginning...
Analysis complete for Cell31.R1.fastq.gz
Analysis complete for Cell31.R2.fastq.gz
FastQC complete
Jan 26 21:02:43 ..... Started STAR run
Jan 26 21:03:08 ..... Started mapping
Jan 26 21:03:33 ..... Started sorting BAM
Jan 26 21:03:40 ..... Finished successfully
STAR alignment complete

Cell31
Script is beginning...
Analysis complete for Cell31.R1.fastq.gz
Analysis complete for Cell31.R2.fastq.gz
FastQC complete
Jan 27 01:11:40 ..... Started STAR run
Jan 27 01:21:02 ..... Started mapping
Jan 27 01:21:25 ..... Started sorting BAM
Jan 27 01:21:51 ..... Finished successfully
STAR alignment complete
