
Cell61
Script is beginning...
Analysis complete for Cell61.R1.fastq.gz
Analysis complete for Cell61.R2.fastq.gz
FastQC complete
Jan 26 21:24:02 ..... Started STAR run
Jan 26 21:25:10 ..... Started mapping
Jan 26 21:25:17 ..... Started sorting BAM
Jan 26 21:25:18 ..... Finished successfully
STAR alignment complete

Cell61
Script is beginning...
Analysis complete for Cell61.R1.fastq.gz
Analysis complete for Cell61.R2.fastq.gz
FastQC complete
Jan 27 02:08:08 ..... Started STAR run
Jan 27 02:17:08 ..... Started mapping
Jan 27 02:17:14 ..... Started sorting BAM
Jan 27 02:17:15 ..... Finished successfully
STAR alignment complete
