
Cell72
Script is beginning...
Analysis complete for Cell72.R1.fastq.gz
Analysis complete for Cell72.R2.fastq.gz
FastQC complete
Jan 26 21:37:03 ..... Started STAR run
Jan 26 21:38:38 ..... Started mapping
Jan 26 21:38:40 ..... Started sorting BAM
Jan 26 21:38:40 ..... Finished successfully
STAR alignment complete

Cell72
Script is beginning...
Analysis complete for Cell72.R1.fastq.gz
Analysis complete for Cell72.R2.fastq.gz
FastQC complete
Jan 27 02:27:02 ..... Started STAR run
Jan 27 02:39:18 ..... Started mapping
Jan 27 02:39:21 ..... Started sorting BAM
Jan 27 02:39:22 ..... Finished successfully
STAR alignment complete
