
Cell111
Script is beginning...
Analysis complete for Cell111.R1.fastq.gz
Analysis complete for Cell111.R2.fastq.gz
FastQC complete
Jan 26 18:52:12 ..... Started STAR run
Jan 26 19:03:40 ..... Started mapping
Jan 26 19:04:04 ..... Started sorting BAM
Jan 26 19:04:17 ..... Finished successfully
STAR alignment complete

Cell111
Script is beginning...
Analysis complete for Cell111.R1.fastq.gz
Analysis complete for Cell111.R2.fastq.gz
FastQC complete
Jan 26 22:25:51 ..... Started STAR run
Jan 26 22:29:14 ..... Started mapping
Jan 26 22:29:33 ..... Started sorting BAM
Jan 26 22:29:42 ..... Finished successfully
STAR alignment complete
