
Cell134
Script is beginning...
Analysis complete for Cell134.R1.fastq.gz
Analysis complete for Cell134.R2.fastq.gz
FastQC complete
Jan 26 19:54:26 ..... Started STAR run
Jan 26 20:05:13 ..... Started mapping
Jan 26 20:05:36 ..... Started sorting BAM
Jan 26 20:05:58 ..... Finished successfully
STAR alignment complete

Cell134
Script is beginning...
Analysis complete for Cell134.R1.fastq.gz
Analysis complete for Cell134.R2.fastq.gz
FastQC complete
Jan 26 22:51:19 ..... Started STAR run
Jan 26 22:56:40 ..... Started mapping
Jan 26 22:57:03 ..... Started sorting BAM
Jan 26 22:57:11 ..... Finished successfully
STAR alignment complete
