
Cell160
Script is beginning...
Analysis complete for Cell160.R1.fastq.gz
Analysis complete for Cell160.R2.fastq.gz
FastQC complete
Jan 26 20:25:33 ..... Started STAR run
Jan 26 20:27:03 ..... Started mapping
Jan 26 20:27:23 ..... Started sorting BAM
Jan 26 20:27:29 ..... Finished successfully
STAR alignment complete

Cell160
Script is beginning...
Analysis complete for Cell160.R1.fastq.gz
Analysis complete for Cell160.R2.fastq.gz
FastQC complete
Jan 26 23:18:00 ..... Started STAR run
Jan 26 23:28:23 ..... Started mapping
Jan 26 23:28:42 ..... Started sorting BAM
Jan 26 23:29:12 ..... Finished successfully
STAR alignment complete
