
Cell156
Script is beginning...
Analysis complete for Cell156.R1.fastq.gz
Analysis complete for Cell156.R2.fastq.gz
FastQC complete
Jan 26 20:21:04 ..... Started STAR run
Jan 26 20:23:01 ..... Started mapping
Jan 26 20:23:01 ..... Started sorting BAM
Jan 26 20:23:01 ..... Finished successfully
STAR alignment complete

Cell156
Script is beginning...
Analysis complete for Cell156.R1.fastq.gz
Analysis complete for Cell156.R2.fastq.gz
FastQC complete
Jan 26 23:10:03 ..... Started STAR run
Jan 26 23:17:35 ..... Started mapping
Jan 26 23:17:36 ..... Started sorting BAM
Jan 26 23:17:37 ..... Finished successfully
STAR alignment complete
