
Cell25
Script is beginning...
Analysis complete for Cell25.R1.fastq.gz
Analysis complete for Cell25.R2.fastq.gz
FastQC complete
Jan 26 20:57:06 ..... Started STAR run
Jan 26 20:57:18 ..... Started mapping
Jan 26 20:57:25 ..... Started sorting BAM
Jan 26 20:57:27 ..... Finished successfully
STAR alignment complete

Cell25
Script is beginning...
Analysis complete for Cell25.R1.fastq.gz
Analysis complete for Cell25.R2.fastq.gz
FastQC complete
Jan 27 00:14:41 ..... Started STAR run
Jan 27 01:12:20 ..... Started mapping
Jan 27 01:12:30 ..... Started sorting BAM
Jan 27 01:12:33 ..... Finished successfully
STAR alignment complete
