
Cell41
Script is beginning...
Analysis complete for Cell41.R1.fastq.gz
Analysis complete for Cell41.R2.fastq.gz
FastQC complete
Jan 26 21:11:41 ..... Started STAR run
Jan 26 21:17:36 ..... Started mapping
Jan 26 21:17:57 ..... Started sorting BAM
Jan 26 21:18:07 ..... Finished successfully
STAR alignment complete

Cell41
Script is beginning...
Analysis complete for Cell41.R1.fastq.gz
Analysis complete for Cell41.R2.fastq.gz
FastQC complete
Jan 27 01:28:45 ..... Started STAR run
Jan 27 01:36:33 ..... Started mapping
Jan 27 01:36:53 ..... Started sorting BAM
Jan 27 01:37:10 ..... Finished successfully
STAR alignment complete
