
Cell139
Script is beginning...
Analysis complete for Cell139.R1.fastq.gz
Analysis complete for Cell139.R2.fastq.gz
FastQC complete
Jan 26 20:06:37 ..... Started STAR run
Jan 26 20:11:43 ..... Started mapping
Jan 26 20:12:19 ..... Started sorting BAM
Jan 26 20:12:26 ..... Finished successfully
STAR alignment complete

Cell139
Script is beginning...
Analysis complete for Cell139.R1.fastq.gz
Analysis complete for Cell139.R2.fastq.gz
FastQC complete
Jan 26 22:56:48 ..... Started STAR run
Jan 26 22:57:03 ..... Started mapping
Jan 26 22:57:22 ..... Started sorting BAM
Jan 26 22:57:29 ..... Finished successfully
STAR alignment complete
