
Cell44
Script is beginning...
Analysis complete for Cell44.R1.fastq.gz
Analysis complete for Cell44.R2.fastq.gz
FastQC complete
Jan 26 21:13:34 ..... Started STAR run
Jan 26 21:13:46 ..... Started mapping
Jan 26 21:13:57 ..... Started sorting BAM
Jan 26 21:14:02 ..... Finished successfully
STAR alignment complete

Cell44
Script is beginning...
Analysis complete for Cell44.R1.fastq.gz
Analysis complete for Cell44.R2.fastq.gz
FastQC complete
Jan 27 01:37:10 ..... Started STAR run
Jan 27 01:46:42 ..... Started mapping
Jan 27 01:46:54 ..... Started sorting BAM
Jan 27 01:46:55 ..... Finished successfully
STAR alignment complete
