
Cell71
Script is beginning...
Analysis complete for Cell71.R1.fastq.gz
Analysis complete for Cell71.R2.fastq.gz
FastQC complete
Jan 26 21:35:30 ..... Started STAR run
Jan 26 21:47:24 ..... Started mapping
Jan 26 21:47:43 ..... Started sorting BAM
Jan 26 21:47:50 ..... Finished successfully
STAR alignment complete

Cell71
Script is beginning...
Analysis complete for Cell71.R1.fastq.gz
Analysis complete for Cell71.R2.fastq.gz
FastQC complete
Jan 27 02:27:12 ..... Started STAR run
Jan 27 02:39:18 ..... Started mapping
Jan 27 02:39:35 ..... Started sorting BAM
Jan 27 02:39:45 ..... Finished successfully
STAR alignment complete
