
Cell98
Script is beginning...
Analysis complete for Cell98.R1.fastq.gz
Analysis complete for Cell98.R2.fastq.gz
FastQC complete
Jan 26 22:11:52 ..... Started STAR run
Jan 26 22:18:14 ..... Started mapping
Jan 26 22:18:35 ..... Started sorting BAM
Jan 26 22:18:37 ..... Finished successfully
STAR alignment complete

Cell98
Script is beginning...
Analysis complete for Cell98.R1.fastq.gz
Analysis complete for Cell98.R2.fastq.gz
FastQC complete
Jan 27 03:06:49 ..... Started STAR run
Jan 27 03:15:30 ..... Started mapping
Jan 27 03:15:48 ..... Started sorting BAM
Jan 27 03:15:53 ..... Finished successfully
STAR alignment complete
