
Cell190
Script is beginning...
Analysis complete for Cell190.R1.fastq.gz
Analysis complete for Cell190.R2.fastq.gz
FastQC complete
Jan 26 20:48:33 ..... Started STAR run
Jan 26 20:48:45 ..... Started mapping
Jan 26 20:49:02 ..... Started sorting BAM
Jan 26 20:49:10 ..... Finished successfully
STAR alignment complete

Cell190
Script is beginning...
Analysis complete for Cell190.R1.fastq.gz
Analysis complete for Cell190.R2.fastq.gz
FastQC complete
Jan 26 23:52:17 ..... Started STAR run
Jan 27 00:02:03 ..... Started mapping
Jan 27 00:02:29 ..... Started sorting BAM
Jan 27 00:02:49 ..... Finished successfully
STAR alignment complete
