
Cell33
Script is beginning...
Analysis complete for Cell33.R1.fastq.gz
Analysis complete for Cell33.R2.fastq.gz
FastQC complete
Jan 26 21:04:31 ..... Started STAR run
Jan 26 21:13:31 ..... Started mapping
Jan 26 21:13:55 ..... Started sorting BAM
Jan 26 21:14:08 ..... Finished successfully
STAR alignment complete

Cell33
Script is beginning...
Analysis complete for Cell33.R1.fastq.gz
Analysis complete for Cell33.R2.fastq.gz
FastQC complete
Jan 27 01:13:20 ..... Started STAR run
Jan 27 01:24:45 ..... Started mapping
Jan 27 01:25:12 ..... Started sorting BAM
Jan 27 01:25:51 ..... Finished successfully
STAR alignment complete
