
Cell88
Script is beginning...
Analysis complete for Cell88.R1.fastq.gz
Analysis complete for Cell88.R2.fastq.gz
FastQC complete
Jan 26 21:56:51 ..... Started STAR run
Jan 26 22:11:26 ..... Started mapping
Jan 26 22:11:43 ..... Started sorting BAM
Jan 26 22:11:50 ..... Finished successfully
STAR alignment complete

Cell88
Script is beginning...
Analysis complete for Cell88.R1.fastq.gz
Analysis complete for Cell88.R2.fastq.gz
FastQC complete
Jan 27 02:55:46 ..... Started STAR run
Jan 27 02:57:45 ..... Started mapping
Jan 27 02:58:15 ..... Started sorting BAM
Jan 27 02:58:36 ..... Finished successfully
STAR alignment complete
