
Cell175
Script is beginning...
Analysis complete for Cell175.R1.fastq.gz
Analysis complete for Cell175.R2.fastq.gz
FastQC complete
Jan 26 20:37:33 ..... Started STAR run
Jan 26 20:39:42 ..... Started mapping
Jan 26 20:40:01 ..... Started sorting BAM
Jan 26 20:40:05 ..... Finished successfully
STAR alignment complete

Cell175
Script is beginning...
Analysis complete for Cell175.R1.fastq.gz
Analysis complete for Cell175.R2.fastq.gz
FastQC complete
Jan 26 23:32:48 ..... Started STAR run
Jan 26 23:38:49 ..... Started mapping
Jan 26 23:39:04 ..... Started sorting BAM
Jan 26 23:39:16 ..... Finished successfully
STAR alignment complete
