
Cell16
Script is beginning...
Analysis complete for Cell16.R1.fastq.gz
Analysis complete for Cell16.R2.fastq.gz
FastQC complete
Jan 26 20:33:45 ..... Started STAR run
Jan 26 20:34:32 ..... Started mapping
Jan 26 20:34:51 ..... Started sorting BAM
Jan 26 20:34:57 ..... Finished successfully
STAR alignment complete

Cell16
Script is beginning...
Analysis complete for Cell16.R1.fastq.gz
Analysis complete for Cell16.R2.fastq.gz
FastQC complete
Jan 26 23:28:32 ..... Started STAR run
Jan 26 23:38:18 ..... Started mapping
Jan 26 23:38:38 ..... Started sorting BAM
Jan 26 23:38:47 ..... Finished successfully
STAR alignment complete
