
Cell109
Script is beginning...
Analysis complete for Cell109.R1.fastq.gz
Analysis complete for Cell109.R2.fastq.gz
FastQC complete
Jan 26 18:40:49 ..... Started STAR run
Jan 26 18:59:44 ..... Started mapping
Jan 26 19:00:11 ..... Started sorting BAM
Jan 26 19:00:21 ..... Finished successfully
STAR alignment complete

Cell109
Script is beginning...
Analysis complete for Cell109.R1.fastq.gz
Analysis complete for Cell109.R2.fastq.gz
FastQC complete
Jan 26 22:21:53 ..... Started STAR run
Jan 26 22:24:47 ..... Started mapping
Jan 26 22:25:06 ..... Started sorting BAM
Jan 26 22:25:17 ..... Finished successfully
STAR alignment complete
