
Cell126
Script is beginning...
Analysis complete for Cell126.R1.fastq.gz
Analysis complete for Cell126.R2.fastq.gz
FastQC complete
Jan 26 19:35:39 ..... Started STAR run
Jan 26 19:51:05 ..... Started mapping
Jan 26 19:51:43 ..... Started sorting BAM
Jan 26 19:51:46 ..... Finished successfully
STAR alignment complete

Cell126
Script is beginning...
Analysis complete for Cell126.R1.fastq.gz
Analysis complete for Cell126.R2.fastq.gz
FastQC complete
Jan 26 22:45:40 ..... Started STAR run
Jan 26 22:56:06 ..... Started mapping
Jan 26 22:56:22 ..... Started sorting BAM
Jan 26 22:56:24 ..... Finished successfully
STAR alignment complete
