
Cell155
Script is beginning...
Analysis complete for Cell155.R1.fastq.gz
Analysis complete for Cell155.R2.fastq.gz
FastQC complete
Jan 26 20:20:36 ..... Started STAR run
Jan 26 20:20:51 ..... Started mapping
Jan 26 20:21:10 ..... Started sorting BAM
Jan 26 20:21:26 ..... Finished successfully
STAR alignment complete

Cell155
Script is beginning...
Analysis complete for Cell155.R1.fastq.gz
Analysis complete for Cell155.R2.fastq.gz
FastQC complete
Jan 26 23:10:13 ..... Started STAR run
Jan 26 23:17:35 ..... Started mapping
Jan 26 23:17:53 ..... Started sorting BAM
Jan 26 23:18:00 ..... Finished successfully
STAR alignment complete
