
Cell146
Script is beginning...
Analysis complete for Cell146.R1.fastq.gz
Analysis complete for Cell146.R2.fastq.gz
FastQC complete
Jan 26 20:15:05 ..... Started STAR run
Jan 26 20:16:35 ..... Started mapping
Jan 26 20:16:54 ..... Started sorting BAM
Jan 26 20:17:03 ..... Finished successfully
STAR alignment complete

Cell146
Script is beginning...
Analysis complete for Cell146.R1.fastq.gz
Analysis complete for Cell146.R2.fastq.gz
FastQC complete
Jan 26 23:00:07 ..... Started STAR run
Jan 26 23:09:07 ..... Started mapping
Jan 26 23:09:28 ..... Started sorting BAM
Jan 26 23:09:45 ..... Finished successfully
STAR alignment complete
