
Cell51
Script is beginning...
Analysis complete for Cell51.R1.fastq.gz
Analysis complete for Cell51.R2.fastq.gz
FastQC complete
Jan 26 21:17:35 ..... Started STAR run
Jan 26 21:17:58 ..... Started mapping
Jan 26 21:18:16 ..... Started sorting BAM
Jan 26 21:18:28 ..... Finished successfully
STAR alignment complete

Cell51
Script is beginning...
Analysis complete for Cell51.R1.fastq.gz
Analysis complete for Cell51.R2.fastq.gz
FastQC complete
Jan 27 01:47:20 ..... Started STAR run
Jan 27 01:55:25 ..... Started mapping
Jan 27 01:55:46 ..... Started sorting BAM
Jan 27 01:56:14 ..... Finished successfully
STAR alignment complete
