
Cell170
Script is beginning...
Analysis complete for Cell170.R1.fastq.gz
Analysis complete for Cell170.R2.fastq.gz
FastQC complete
Jan 26 20:34:53 ..... Started STAR run
Jan 26 20:35:05 ..... Started mapping
Jan 26 20:35:23 ..... Started sorting BAM
Jan 26 20:35:30 ..... Finished successfully
STAR alignment complete

Cell170
Script is beginning...
Analysis complete for Cell170.R1.fastq.gz
Analysis complete for Cell170.R2.fastq.gz
FastQC complete
Jan 26 23:28:33 ..... Started STAR run
Jan 26 23:38:18 ..... Started mapping
Jan 26 23:38:38 ..... Started sorting BAM
Jan 26 23:38:46 ..... Finished successfully
STAR alignment complete
