
Cell59
Script is beginning...
Analysis complete for Cell59.R1.fastq.gz
Analysis complete for Cell59.R2.fastq.gz
FastQC complete
Jan 26 21:22:53 ..... Started STAR run
Jan 26 21:37:54 ..... Started mapping
Jan 26 21:38:02 ..... Started sorting BAM
Jan 26 21:38:08 ..... Finished successfully
STAR alignment complete

Cell59
Script is beginning...
Analysis complete for Cell59.R1.fastq.gz
Analysis complete for Cell59.R2.fastq.gz
FastQC complete
Jan 27 02:00:51 ..... Started STAR run
Jan 27 02:13:15 ..... Started mapping
Jan 27 02:13:23 ..... Started sorting BAM
Jan 27 02:13:24 ..... Finished successfully
STAR alignment complete
