
Cell95
Script is beginning...
Analysis complete for Cell95.R1.fastq.gz
Analysis complete for Cell95.R2.fastq.gz
FastQC complete
Jan 26 22:11:00 ..... Started STAR run
Jan 26 22:11:26 ..... Started mapping
Jan 26 22:11:28 ..... Started sorting BAM
Jan 26 22:11:28 ..... Finished successfully
STAR alignment complete

Cell95
Script is beginning...
Analysis complete for Cell95.R1.fastq.gz
Analysis complete for Cell95.R2.fastq.gz
FastQC complete
Jan 27 03:00:16 ..... Started STAR run
Jan 27 03:20:53 ..... Started mapping
Jan 27 03:20:55 ..... Started sorting BAM
Jan 27 03:20:55 ..... Finished successfully
STAR alignment complete
