
Cell94
Script is beginning...
Analysis complete for Cell94.R1.fastq.gz
Analysis complete for Cell94.R2.fastq.gz
FastQC complete
Jan 26 22:09:46 ..... Started STAR run
Jan 26 22:10:28 ..... Started mapping
Jan 26 22:10:44 ..... Started sorting BAM
Jan 26 22:10:51 ..... Finished successfully
STAR alignment complete

Cell94
Script is beginning...
Analysis complete for Cell94.R1.fastq.gz
Analysis complete for Cell94.R2.fastq.gz
FastQC complete
Jan 27 03:00:24 ..... Started STAR run
Jan 27 03:11:41 ..... Started mapping
Jan 27 03:12:12 ..... Started sorting BAM
Jan 27 03:12:36 ..... Finished successfully
STAR alignment complete
