
Cell123
Script is beginning...
Analysis complete for Cell123.R1.fastq.gz
Analysis complete for Cell123.R2.fastq.gz
FastQC complete
Jan 26 19:28:54 ..... Started STAR run
Jan 26 19:40:57 ..... Started mapping
Jan 26 19:41:17 ..... Started sorting BAM
Jan 26 19:41:25 ..... Finished successfully
STAR alignment complete

Cell123
Script is beginning...
Analysis complete for Cell123.R1.fastq.gz
Analysis complete for Cell123.R2.fastq.gz
FastQC complete
Jan 26 22:44:18 ..... Started STAR run
Jan 26 22:50:02 ..... Started mapping
Jan 26 22:50:28 ..... Started sorting BAM
Jan 26 22:50:46 ..... Finished successfully
STAR alignment complete
