
Cell60
Script is beginning...
Analysis complete for Cell60.R1.fastq.gz
Analysis complete for Cell60.R2.fastq.gz
FastQC complete
Jan 26 21:23:03 ..... Started STAR run
Jan 26 21:30:25 ..... Started mapping
Jan 26 21:30:34 ..... Started sorting BAM
Jan 26 21:30:35 ..... Finished successfully
STAR alignment complete

Cell60
Script is beginning...
Analysis complete for Cell60.R1.fastq.gz
Analysis complete for Cell60.R2.fastq.gz
FastQC complete
Jan 27 02:07:53 ..... Started STAR run
Jan 27 02:17:08 ..... Started mapping
Jan 27 02:17:15 ..... Started sorting BAM
Jan 27 02:17:16 ..... Finished successfully
STAR alignment complete
