
Cell84
Script is beginning...
Analysis complete for Cell84.R1.fastq.gz
Analysis complete for Cell84.R2.fastq.gz
FastQC complete
Jan 26 21:54:42 ..... Started STAR run
Jan 26 22:02:44 ..... Started mapping
Jan 26 22:03:10 ..... Started sorting BAM
Jan 26 22:03:34 ..... Finished successfully
STAR alignment complete

Cell84
Script is beginning...
Analysis complete for Cell84.R1.fastq.gz
Analysis complete for Cell84.R2.fastq.gz
FastQC complete
Jan 27 02:50:34 ..... Started STAR run
Jan 27 02:53:59 ..... Started mapping
Jan 27 02:54:19 ..... Started sorting BAM
Jan 27 02:55:14 ..... Finished successfully
STAR alignment complete
