
Cell166
Script is beginning...
Analysis complete for Cell166.R1.fastq.gz
Analysis complete for Cell166.R2.fastq.gz
FastQC complete
Jan 26 20:32:00 ..... Started STAR run
Jan 26 20:32:27 ..... Started mapping
Jan 26 20:32:45 ..... Started sorting BAM
Jan 26 20:32:58 ..... Finished successfully
STAR alignment complete

Cell166
Script is beginning...
Analysis complete for Cell166.R1.fastq.gz
Analysis complete for Cell166.R2.fastq.gz
FastQC complete
Jan 26 23:25:31 ..... Started STAR run
Jan 26 23:31:24 ..... Started mapping
Jan 26 23:31:45 ..... Started sorting BAM
Jan 26 23:31:55 ..... Finished successfully
STAR alignment complete
