
Cell85
Script is beginning...
Analysis complete for Cell85.R1.fastq.gz
Analysis complete for Cell85.R2.fastq.gz
FastQC complete
Jan 26 21:54:41 ..... Started STAR run
Jan 26 22:02:44 ..... Started mapping
Jan 26 22:03:09 ..... Started sorting BAM
Jan 26 22:03:31 ..... Finished successfully
STAR alignment complete

Cell85
Script is beginning...
Analysis complete for Cell85.R1.fastq.gz
Analysis complete for Cell85.R2.fastq.gz
FastQC complete
Jan 27 02:50:30 ..... Started STAR run
Jan 27 02:53:59 ..... Started mapping
Jan 27 02:54:20 ..... Started sorting BAM
Jan 27 02:55:11 ..... Finished successfully
STAR alignment complete
