
Cell67
Script is beginning...
Analysis complete for Cell67.R1.fastq.gz
Analysis complete for Cell67.R2.fastq.gz
FastQC complete
Jan 26 21:31:05 ..... Started STAR run
Jan 26 21:37:39 ..... Started mapping
Jan 26 21:38:04 ..... Started sorting BAM
Jan 26 21:38:18 ..... Finished successfully
STAR alignment complete

Cell67
Script is beginning...
Analysis complete for Cell67.R1.fastq.gz
Analysis complete for Cell67.R2.fastq.gz
FastQC complete
Jan 27 02:17:41 ..... Started STAR run
Jan 27 02:36:43 ..... Started mapping
Jan 27 02:37:03 ..... Started sorting BAM
Jan 27 02:37:20 ..... Finished successfully
STAR alignment complete
