
Cell114
Script is beginning...
Analysis complete for Cell114.R1.fastq.gz
Analysis complete for Cell114.R2.fastq.gz
FastQC complete
Jan 26 19:04:56 ..... Started STAR run
Jan 26 19:16:23 ..... Started mapping
Jan 26 19:16:45 ..... Started sorting BAM
Jan 26 19:17:05 ..... Finished successfully
STAR alignment complete

Cell114
Script is beginning...
Analysis complete for Cell114.R1.fastq.gz
Analysis complete for Cell114.R2.fastq.gz
FastQC complete
Jan 26 22:26:31 ..... Started STAR run
Jan 26 22:44:34 ..... Started mapping
Jan 26 22:44:52 ..... Started sorting BAM
Jan 26 22:45:05 ..... Finished successfully
STAR alignment complete
