
Cell112
Script is beginning...
Analysis complete for Cell112.R1.fastq.gz
Analysis complete for Cell112.R2.fastq.gz
FastQC complete
Jan 26 18:52:59 ..... Started STAR run
Jan 26 19:04:46 ..... Started mapping
Jan 26 19:04:49 ..... Started sorting BAM
Jan 26 19:04:50 ..... Finished successfully
STAR alignment complete

Cell112
Script is beginning...
Analysis complete for Cell112.R1.fastq.gz
Analysis complete for Cell112.R2.fastq.gz
FastQC complete
Jan 26 22:26:19 ..... Started STAR run
Jan 26 22:34:24 ..... Started mapping
Jan 26 22:34:28 ..... Started sorting BAM
Jan 26 22:34:31 ..... Finished successfully
STAR alignment complete
