
Cell173
Script is beginning...
Analysis complete for Cell173.R1.fastq.gz
Analysis complete for Cell173.R2.fastq.gz
FastQC complete
Jan 26 20:37:36 ..... Started STAR run
Jan 26 20:53:34 ..... Started mapping
Jan 26 20:53:58 ..... Started sorting BAM
Jan 26 20:54:20 ..... Finished successfully
STAR alignment complete

Cell173
Script is beginning...
Analysis complete for Cell173.R1.fastq.gz
Analysis complete for Cell173.R2.fastq.gz
FastQC complete
Jan 26 23:32:33 ..... Started STAR run
Jan 26 23:38:20 ..... Started mapping
Jan 26 23:38:37 ..... Started sorting BAM
Jan 26 23:38:42 ..... Finished successfully
STAR alignment complete
