
Cell43
Script is beginning...
Analysis complete for Cell43.R1.fastq.gz
Analysis complete for Cell43.R2.fastq.gz
FastQC complete
Jan 26 21:13:40 ..... Started STAR run
Jan 26 21:14:03 ..... Started mapping
Jan 26 21:14:25 ..... Started sorting BAM
Jan 26 21:14:33 ..... Finished successfully
STAR alignment complete

Cell43
Script is beginning...
Analysis complete for Cell43.R1.fastq.gz
Analysis complete for Cell43.R2.fastq.gz
FastQC complete
Jan 27 01:29:49 ..... Started STAR run
Jan 27 01:36:19 ..... Started mapping
Jan 27 01:36:42 ..... Started sorting BAM
Jan 27 01:37:03 ..... Finished successfully
STAR alignment complete
