
Cell93
Script is beginning...
Analysis complete for Cell93.R1.fastq.gz
Analysis complete for Cell93.R2.fastq.gz
FastQC complete
Jan 26 22:03:56 ..... Started STAR run
Jan 26 22:11:06 ..... Started mapping
Jan 26 22:11:09 ..... Started sorting BAM
Jan 26 22:11:09 ..... Finished successfully
STAR alignment complete

Cell93
Script is beginning...
Analysis complete for Cell93.R1.fastq.gz
Analysis complete for Cell93.R2.fastq.gz
FastQC complete
Jan 27 03:00:09 ..... Started STAR run
Jan 27 03:11:41 ..... Started mapping
Jan 27 03:11:43 ..... Started sorting BAM
Jan 27 03:11:43 ..... Finished successfully
STAR alignment complete
