
Cell100
Script is beginning...
Analysis complete for Cell100.R1.fastq.gz
Analysis complete for Cell100.R2.fastq.gz
FastQC complete
Jan 26 16:38:45 ..... Started STAR run
Jan 26 18:39:15 ..... Started mapping
Jan 26 18:39:44 ..... Started sorting BAM
Jan 26 18:39:55 ..... Finished successfully
STAR alignment complete

Cell100
Script is beginning...
Analysis complete for Cell100.R1.fastq.gz
Analysis complete for Cell100.R2.fastq.gz
FastQC complete
Jan 26 22:15:25 ..... Started STAR run
Jan 26 22:24:12 ..... Started mapping
Jan 26 22:24:34 ..... Started sorting BAM
Jan 26 22:24:46 ..... Finished successfully
STAR alignment complete
