
Cell149
Script is beginning...
Analysis complete for Cell149.R1.fastq.gz
Analysis complete for Cell149.R2.fastq.gz
FastQC complete
Jan 26 20:17:22 ..... Started STAR run
Jan 26 20:17:40 ..... Started mapping
Jan 26 20:18:02 ..... Started sorting BAM
Jan 26 20:18:04 ..... Finished successfully
STAR alignment complete

Cell149
Script is beginning...
Analysis complete for Cell149.R1.fastq.gz
Analysis complete for Cell149.R2.fastq.gz
FastQC complete
Jan 26 23:05:52 ..... Started STAR run
Jan 26 23:11:51 ..... Started mapping
Jan 26 23:12:07 ..... Started sorting BAM
Jan 26 23:12:10 ..... Finished successfully
STAR alignment complete
