
Cell90
Script is beginning...
Analysis complete for Cell90.R1.fastq.gz
Analysis complete for Cell90.R2.fastq.gz
FastQC complete
Jan 26 22:02:50 ..... Started STAR run
Jan 26 22:14:35 ..... Started mapping
Jan 26 22:14:44 ..... Started sorting BAM
Jan 26 22:14:47 ..... Finished successfully
STAR alignment complete

Cell90
Script is beginning...
Analysis complete for Cell90.R1.fastq.gz
Analysis complete for Cell90.R2.fastq.gz
FastQC complete
Jan 27 02:57:18 ..... Started STAR run
Jan 27 03:06:11 ..... Started mapping
Jan 27 03:06:18 ..... Started sorting BAM
Jan 27 03:06:19 ..... Finished successfully
STAR alignment complete
