
Cell140
Script is beginning...
Analysis complete for Cell140.R1.fastq.gz
Analysis complete for Cell140.R2.fastq.gz
FastQC complete
Jan 26 20:11:23 ..... Started STAR run
Jan 26 20:14:06 ..... Started mapping
Jan 26 20:14:26 ..... Started sorting BAM
Jan 26 20:14:35 ..... Finished successfully
STAR alignment complete

Cell140
Script is beginning...
Analysis complete for Cell140.R1.fastq.gz
Analysis complete for Cell140.R2.fastq.gz
FastQC complete
Jan 26 22:57:04 ..... Started STAR run
Jan 26 23:07:05 ..... Started mapping
Jan 26 23:07:26 ..... Started sorting BAM
Jan 26 23:07:37 ..... Finished successfully
STAR alignment complete
