
Cell178
Script is beginning...
Analysis complete for Cell178.R1.fastq.gz
Analysis complete for Cell178.R2.fastq.gz
FastQC complete
Jan 26 20:40:08 ..... Started STAR run
Jan 26 20:40:20 ..... Started mapping
Jan 26 20:40:39 ..... Started sorting BAM
Jan 26 20:40:48 ..... Finished successfully
STAR alignment complete

Cell178
Script is beginning...
Analysis complete for Cell178.R1.fastq.gz
Analysis complete for Cell178.R2.fastq.gz
FastQC complete
Jan 26 23:39:15 ..... Started STAR run
Jan 26 23:44:48 ..... Started mapping
Jan 26 23:45:09 ..... Started sorting BAM
Jan 26 23:45:21 ..... Finished successfully
STAR alignment complete
