
Cell102
Script is beginning...
Analysis complete for Cell102.R1.fastq.gz
Analysis complete for Cell102.R2.fastq.gz
FastQC complete
Jan 26 16:35:01 ..... Started STAR run
Jan 26 18:20:09 ..... Started mapping
Jan 26 18:20:18 ..... Started sorting BAM
Jan 26 18:20:19 ..... Finished successfully
STAR alignment complete

Cell102
Script is beginning...
Analysis complete for Cell102.R1.fastq.gz
Analysis complete for Cell102.R2.fastq.gz
FastQC complete
Jan 26 22:16:18 ..... Started STAR run
Jan 26 22:16:35 ..... Started mapping
Jan 26 22:16:42 ..... Started sorting BAM
Jan 26 22:16:44 ..... Finished successfully
STAR alignment complete
