
Cell8
Script is beginning...
Analysis complete for Cell8.R1.fastq.gz
Analysis complete for Cell8.R2.fastq.gz
FastQC complete
Jan 26 22:03:05 ..... Started STAR run
Jan 26 22:14:35 ..... Started mapping
Jan 26 22:14:56 ..... Started sorting BAM
Jan 26 22:15:07 ..... Finished successfully
STAR alignment complete

Cell8
Script is beginning...
Analysis complete for Cell8.R1.fastq.gz
Analysis complete for Cell8.R2.fastq.gz
FastQC complete
Jan 27 02:57:17 ..... Started STAR run
Jan 27 03:06:11 ..... Started mapping
Jan 27 03:06:28 ..... Started sorting BAM
Jan 27 03:06:36 ..... Finished successfully
STAR alignment complete
