
Cell99
Script is beginning...
Analysis complete for Cell99.R1.fastq.gz
Analysis complete for Cell99.R2.fastq.gz
FastQC complete
Jan 26 22:12:37 ..... Started STAR run
Jan 26 22:25:33 ..... Started mapping
Jan 26 22:25:54 ..... Started sorting BAM
Jan 26 22:26:08 ..... Finished successfully
STAR alignment complete

Cell99
Script is beginning...
Analysis complete for Cell99.R1.fastq.gz
Analysis complete for Cell99.R2.fastq.gz
FastQC complete
Jan 27 03:07:31 ..... Started STAR run
Jan 27 03:14:11 ..... Started mapping
Jan 27 03:14:27 ..... Started sorting BAM
Jan 27 03:14:39 ..... Finished successfully
STAR alignment complete
