
Cell36
Script is beginning...
Analysis complete for Cell36.R1.fastq.gz
Analysis complete for Cell36.R2.fastq.gz
FastQC complete
Jan 26 21:06:47 ..... Started STAR run
Jan 26 21:07:06 ..... Started mapping
Jan 26 21:07:07 ..... Started sorting BAM
Jan 26 21:07:14 ..... Finished successfully
STAR alignment complete

Cell36
Script is beginning...
Analysis complete for Cell36.R1.fastq.gz
Analysis complete for Cell36.R2.fastq.gz
FastQC complete
Jan 27 01:19:34 ..... Started STAR run
Jan 27 01:27:33 ..... Started mapping
Jan 27 01:27:35 ..... Started sorting BAM
Jan 27 01:27:36 ..... Finished successfully
STAR alignment complete
