
Cell101
Script is beginning...
Analysis complete for Cell101.R1.fastq.gz
Analysis complete for Cell101.R2.fastq.gz
FastQC complete
Jan 26 16:37:47 ..... Started STAR run
Jan 26 18:51:28 ..... Started mapping
Jan 26 18:52:03 ..... Started sorting BAM
Jan 26 18:52:22 ..... Finished successfully
STAR alignment complete

Cell101
Script is beginning...
Analysis complete for Cell101.R1.fastq.gz
Analysis complete for Cell101.R2.fastq.gz
FastQC complete
Jan 26 22:15:47 ..... Started STAR run
Jan 26 22:24:12 ..... Started mapping
Jan 26 22:24:33 ..... Started sorting BAM
Jan 26 22:24:45 ..... Finished successfully
STAR alignment complete
