
Cell38
Script is beginning...
Analysis complete for Cell38.R1.fastq.gz
Analysis complete for Cell38.R2.fastq.gz
FastQC complete
Jan 26 21:07:33 ..... Started STAR run
Jan 26 21:10:13 ..... Started mapping
Jan 26 21:10:14 ..... Started sorting BAM
Jan 26 21:10:15 ..... Finished successfully
STAR alignment complete

Cell38
Script is beginning...
Analysis complete for Cell38.R1.fastq.gz
Analysis complete for Cell38.R2.fastq.gz
FastQC complete
Jan 27 01:22:16 ..... Started STAR run
Jan 27 01:29:08 ..... Started mapping
Jan 27 01:29:10 ..... Started sorting BAM
Jan 27 01:29:10 ..... Finished successfully
STAR alignment complete
