
Cell163
Script is beginning...
Analysis complete for Cell163.R1.fastq.gz
Analysis complete for Cell163.R2.fastq.gz
FastQC complete
Jan 26 20:28:04 ..... Started STAR run
Jan 26 20:28:20 ..... Started mapping
Jan 26 20:28:46 ..... Started sorting BAM
Jan 26 20:28:53 ..... Finished successfully
STAR alignment complete

Cell163
Script is beginning...
Analysis complete for Cell163.R1.fastq.gz
Analysis complete for Cell163.R2.fastq.gz
FastQC complete
Jan 26 23:18:31 ..... Started STAR run
Jan 26 23:25:14 ..... Started mapping
Jan 26 23:25:32 ..... Started sorting BAM
Jan 26 23:25:45 ..... Finished successfully
STAR alignment complete
