
Cell85
Script is beginning...
Analysis complete for Cell85.R1.fastq.gz
Analysis complete for Cell85.R2.fastq.gz
FastQC complete
Feb 16 18:30:17 ..... Started STAR run
Feb 16 18:34:56 ..... Started mapping
Feb 16 18:35:13 ..... Started sorting BAM
Feb 16 18:35:22 ..... Finished successfully
STAR alignment complete

Cell85
Script is beginning...
Analysis complete for Cell85.R1.fastq.gz
Analysis complete for Cell85.R2.fastq.gz
FastQC complete
Feb 16 19:59:07 ..... Started STAR run
Feb 16 19:59:19 ..... Started mapping
Feb 16 19:59:33 ..... Started sorting BAM
Feb 16 19:59:41 ..... Finished successfully
STAR alignment complete
