
Cell76
Script is beginning...
Analysis complete for Cell76.R1.fastq.gz
Analysis complete for Cell76.R2.fastq.gz
FastQC complete
Feb 16 18:24:36 ..... Started STAR run
Feb 16 18:25:16 ..... Started mapping
Feb 16 18:25:31 ..... Started sorting BAM
Feb 16 18:25:48 ..... Finished successfully
STAR alignment complete

Cell76
Script is beginning...
Analysis complete for Cell76.R1.fastq.gz
Analysis complete for Cell76.R2.fastq.gz
FastQC complete
Feb 16 19:54:52 ..... Started STAR run
Feb 16 19:57:55 ..... Started mapping
Feb 16 19:58:13 ..... Started sorting BAM
Feb 16 19:58:33 ..... Finished successfully
STAR alignment complete
