
Cell162
Script is beginning...
Analysis complete for Cell162.R1.fastq.gz
Analysis complete for Cell162.R2.fastq.gz
FastQC complete
Feb 16 17:40:07 ..... Started STAR run
Feb 16 17:40:18 ..... Started mapping
Feb 16 17:40:33 ..... Started sorting BAM
Feb 16 17:40:46 ..... Finished successfully
STAR alignment complete

Cell162
Script is beginning...
Analysis complete for Cell162.R1.fastq.gz
Analysis complete for Cell162.R2.fastq.gz
FastQC complete
Feb 16 19:06:32 ..... Started STAR run
Feb 16 19:07:08 ..... Started mapping
Feb 16 19:07:28 ..... Started sorting BAM
Feb 16 19:07:56 ..... Finished successfully
STAR alignment complete
