
Cell186
Script is beginning...
Analysis complete for Cell186.R1.fastq.gz
Analysis complete for Cell186.R2.fastq.gz
FastQC complete
Feb 16 17:53:02 ..... Started STAR run
Feb 16 17:53:15 ..... Started mapping
Feb 16 17:53:30 ..... Started sorting BAM
Feb 16 17:53:35 ..... Finished successfully
STAR alignment complete

Cell186
Script is beginning...
Analysis complete for Cell186.R1.fastq.gz
Analysis complete for Cell186.R2.fastq.gz
FastQC complete
Feb 16 19:19:33 ..... Started STAR run
Feb 16 19:19:53 ..... Started mapping
Feb 16 19:20:07 ..... Started sorting BAM
Feb 16 19:20:15 ..... Finished successfully
STAR alignment complete
