
Cell173
Script is beginning...
Analysis complete for Cell173.R1.fastq.gz
Analysis complete for Cell173.R2.fastq.gz
FastQC complete
Feb 16 17:45:06 ..... Started STAR run
Feb 16 17:48:37 ..... Started mapping
Feb 16 17:48:56 ..... Started sorting BAM
Feb 16 17:49:06 ..... Finished successfully
STAR alignment complete

Cell173
Script is beginning...
Analysis complete for Cell173.R1.fastq.gz
Analysis complete for Cell173.R2.fastq.gz
FastQC complete
Feb 16 19:12:20 ..... Started STAR run
Feb 16 19:13:28 ..... Started mapping
Feb 16 19:13:43 ..... Started sorting BAM
Feb 16 19:13:48 ..... Finished successfully
STAR alignment complete
