
Cell54
Script is beginning...
Analysis complete for Cell54.R1.fastq.gz
Analysis complete for Cell54.R2.fastq.gz
FastQC complete
Feb 16 18:14:48 ..... Started STAR run
Feb 16 18:15:43 ..... Started mapping
Feb 16 18:15:44 ..... Started sorting BAM
Feb 16 18:15:44 ..... Finished successfully
STAR alignment complete

Cell54
Script is beginning...
Analysis complete for Cell54.R1.fastq.gz
Analysis complete for Cell54.R2.fastq.gz
FastQC complete
Feb 16 19:43:03 ..... Started STAR run
Feb 16 19:43:14 ..... Started mapping
Feb 16 19:43:16 ..... Started sorting BAM
Feb 16 19:43:17 ..... Finished successfully
STAR alignment complete
