
Cell9
Script is beginning...
Analysis complete for Cell9.R1.fastq.gz
Analysis complete for Cell9.R2.fastq.gz
FastQC complete
Feb 16 18:34:26 ..... Started STAR run
Feb 16 18:40:35 ..... Started mapping
Feb 16 18:40:58 ..... Started sorting BAM
Feb 16 18:41:07 ..... Finished successfully
STAR alignment complete

Cell9
Script is beginning...
Analysis complete for Cell9.R1.fastq.gz
Analysis complete for Cell9.R2.fastq.gz
FastQC complete
Feb 16 20:04:55 ..... Started STAR run
Feb 16 20:05:08 ..... Started mapping
Feb 16 20:05:30 ..... Started sorting BAM
Feb 16 20:05:32 ..... Finished successfully
STAR alignment complete
