
Cell20
Script is beginning...
Analysis complete for Cell20.R1.fastq.gz
Analysis complete for Cell20.R2.fastq.gz
FastQC complete
Feb 16 17:55:50 ..... Started STAR run
Feb 16 17:56:02 ..... Started mapping
Feb 16 17:56:19 ..... Started sorting BAM
Feb 16 17:56:30 ..... Finished successfully
STAR alignment complete

Cell20
Script is beginning...
Analysis complete for Cell20.R1.fastq.gz
Analysis complete for Cell20.R2.fastq.gz
FastQC complete
Feb 16 19:23:22 ..... Started STAR run
Feb 16 19:23:35 ..... Started mapping
Feb 16 19:23:52 ..... Started sorting BAM
Feb 16 19:24:11 ..... Finished successfully
STAR alignment complete
