
Cell6
Script is beginning...
Analysis complete for Cell6.R1.fastq.gz
Analysis complete for Cell6.R2.fastq.gz
FastQC complete
Feb 16 18:21:47 ..... Started STAR run
Feb 16 18:21:58 ..... Started mapping
Feb 16 18:22:11 ..... Started sorting BAM
Feb 16 18:22:19 ..... Finished successfully
STAR alignment complete

Cell6
Script is beginning...
Analysis complete for Cell6.R1.fastq.gz
Analysis complete for Cell6.R2.fastq.gz
FastQC complete
Feb 16 19:49:48 ..... Started STAR run
Feb 16 19:53:59 ..... Started mapping
Feb 16 19:54:13 ..... Started sorting BAM
Feb 16 19:54:21 ..... Finished successfully
STAR alignment complete
