
Cell148
Script is beginning...
Analysis complete for Cell148.R1.fastq.gz
Analysis complete for Cell148.R2.fastq.gz
FastQC complete
Feb 16 17:33:08 ..... Started STAR run
Feb 16 17:33:20 ..... Started mapping
Feb 16 17:33:32 ..... Started sorting BAM
Feb 16 17:33:34 ..... Finished successfully
STAR alignment complete

Cell148
Script is beginning...
Analysis complete for Cell148.R1.fastq.gz
Analysis complete for Cell148.R2.fastq.gz
FastQC complete
Feb 16 18:56:23 ..... Started STAR run
Feb 16 18:56:37 ..... Started mapping
Feb 16 18:56:50 ..... Started sorting BAM
Feb 16 18:56:52 ..... Finished successfully
STAR alignment complete
