
Cell154
Script is beginning...
Analysis complete for Cell154.R1.fastq.gz
Analysis complete for Cell154.R2.fastq.gz
FastQC complete
Feb 16 17:36:26 ..... Started STAR run
Feb 16 17:36:38 ..... Started mapping
Feb 16 17:36:52 ..... Started sorting BAM
Feb 16 17:37:03 ..... Finished successfully
STAR alignment complete

Cell154
Script is beginning...
Analysis complete for Cell154.R1.fastq.gz
Analysis complete for Cell154.R2.fastq.gz
FastQC complete
Feb 16 18:59:49 ..... Started STAR run
Feb 16 19:06:04 ..... Started mapping
Feb 16 19:06:22 ..... Started sorting BAM
Feb 16 19:06:36 ..... Finished successfully
STAR alignment complete
