
Cell74
Script is beginning...
Analysis complete for Cell74.R1.fastq.gz
Analysis complete for Cell74.R2.fastq.gz
FastQC complete
Feb 16 18:23:19 ..... Started STAR run
Feb 16 18:23:31 ..... Started mapping
Feb 16 18:23:47 ..... Started sorting BAM
Feb 16 18:24:00 ..... Finished successfully
STAR alignment complete

Cell74
Script is beginning...
Analysis complete for Cell74.R1.fastq.gz
Analysis complete for Cell74.R2.fastq.gz
FastQC complete
Feb 16 19:53:43 ..... Started STAR run
Feb 16 19:55:21 ..... Started mapping
Feb 16 19:55:40 ..... Started sorting BAM
Feb 16 19:55:50 ..... Finished successfully
STAR alignment complete
