
Cell39
Script is beginning...
Analysis complete for Cell39.R1.fastq.gz
Analysis complete for Cell39.R2.fastq.gz
FastQC complete
Feb 16 18:10:18 ..... Started STAR run
Feb 16 18:13:03 ..... Started mapping
Feb 16 18:13:16 ..... Started sorting BAM
Feb 16 18:13:21 ..... Finished successfully
STAR alignment complete

Cell39
Script is beginning...
Analysis complete for Cell39.R1.fastq.gz
Analysis complete for Cell39.R2.fastq.gz
FastQC complete
Feb 16 19:36:19 ..... Started STAR run
Feb 16 19:36:31 ..... Started mapping
Feb 16 19:36:46 ..... Started sorting BAM
Feb 16 19:36:55 ..... Finished successfully
STAR alignment complete
