
Cell145
Script is beginning...
Analysis complete for Cell145.R1.fastq.gz
Analysis complete for Cell145.R2.fastq.gz
FastQC complete
Feb 16 17:32:02 ..... Started STAR run
Feb 16 17:35:48 ..... Started mapping
Feb 16 17:36:02 ..... Started sorting BAM
Feb 16 17:36:12 ..... Finished successfully
STAR alignment complete

Cell145
Script is beginning...
Analysis complete for Cell145.R1.fastq.gz
Analysis complete for Cell145.R2.fastq.gz
FastQC complete
Feb 16 18:54:47 ..... Started STAR run
Feb 16 18:55:00 ..... Started mapping
Feb 16 18:55:14 ..... Started sorting BAM
Feb 16 18:55:20 ..... Finished successfully
STAR alignment complete
