
Cell114
Script is beginning...
Analysis complete for Cell114.R1.fastq.gz
Analysis complete for Cell114.R2.fastq.gz
FastQC complete
Feb 16 17:09:38 ..... Started STAR run
Feb 16 17:15:25 ..... Started mapping
Feb 16 17:15:42 ..... Started sorting BAM
Feb 16 17:15:48 ..... Finished successfully
STAR alignment complete

Cell114
Script is beginning...
Analysis complete for Cell114.R1.fastq.gz
Analysis complete for Cell114.R2.fastq.gz
FastQC complete
Feb 16 18:41:35 ..... Started STAR run
Feb 16 18:46:00 ..... Started mapping
Feb 16 18:46:22 ..... Started sorting BAM
Feb 16 18:46:41 ..... Finished successfully
STAR alignment complete
