
Cell100
Script is beginning...
Analysis complete for Cell100.R1.fastq.gz
Analysis complete for Cell100.R2.fastq.gz
FastQC complete
Feb 16 16:57:34 ..... Started STAR run
Feb 16 17:00:57 ..... Started mapping
Feb 16 17:01:12 ..... Started sorting BAM
Feb 16 17:01:16 ..... Finished successfully
STAR alignment complete

Cell100
Script is beginning...
Analysis complete for Cell100.R1.fastq.gz
Analysis complete for Cell100.R2.fastq.gz
FastQC complete
Feb 16 18:34:34 ..... Started STAR run
Feb 16 18:40:35 ..... Started mapping
Feb 16 18:40:53 ..... Started sorting BAM
Feb 16 18:41:08 ..... Finished successfully
STAR alignment complete
