
Cell129
Script is beginning...
Analysis complete for Cell129.R1.fastq.gz
Analysis complete for Cell129.R2.fastq.gz
FastQC complete
Feb 16 17:24:39 ..... Started STAR run
Feb 16 17:24:53 ..... Started mapping
Feb 16 17:25:06 ..... Started sorting BAM
Feb 16 17:25:09 ..... Finished successfully
STAR alignment complete

Cell129
Script is beginning...
Analysis complete for Cell129.R1.fastq.gz
Analysis complete for Cell129.R2.fastq.gz
FastQC complete
Feb 16 18:47:24 ..... Started STAR run
Feb 16 18:47:40 ..... Started mapping
Feb 16 18:47:53 ..... Started sorting BAM
Feb 16 18:47:55 ..... Finished successfully
STAR alignment complete
