
Cell29
Script is beginning...
Analysis complete for Cell29.R1.fastq.gz
Analysis complete for Cell29.R2.fastq.gz
FastQC complete
Feb 16 18:01:25 ..... Started STAR run
Feb 16 18:02:13 ..... Started mapping
Feb 16 18:02:27 ..... Started sorting BAM
Feb 16 18:02:30 ..... Finished successfully
STAR alignment complete

Cell29
Script is beginning...
Analysis complete for Cell29.R1.fastq.gz
Analysis complete for Cell29.R2.fastq.gz
FastQC complete
Feb 16 19:29:07 ..... Started STAR run
Feb 16 19:29:33 ..... Started mapping
Feb 16 19:29:47 ..... Started sorting BAM
Feb 16 19:29:50 ..... Finished successfully
STAR alignment complete
