
Cell141
Script is beginning...
Analysis complete for Cell141.R1.fastq.gz
Analysis complete for Cell141.R2.fastq.gz
FastQC complete
Feb 16 17:29:02 ..... Started STAR run
Feb 16 17:32:32 ..... Started mapping
Feb 16 17:32:49 ..... Started sorting BAM
Feb 16 17:32:54 ..... Finished successfully
STAR alignment complete

Cell141
Script is beginning...
Analysis complete for Cell141.R1.fastq.gz
Analysis complete for Cell141.R2.fastq.gz
FastQC complete
Feb 16 18:53:44 ..... Started STAR run
Feb 16 18:59:52 ..... Started mapping
Feb 16 19:00:11 ..... Started sorting BAM
Feb 16 19:00:27 ..... Finished successfully
STAR alignment complete
