
Cell144
Script is beginning...
Analysis complete for Cell144.R1.fastq.gz
Analysis complete for Cell144.R2.fastq.gz
FastQC complete
Feb 16 17:31:10 ..... Started STAR run
Feb 16 17:31:22 ..... Started mapping
Feb 16 17:31:36 ..... Started sorting BAM
Feb 16 17:31:39 ..... Finished successfully
STAR alignment complete

Cell144
Script is beginning...
Analysis complete for Cell144.R1.fastq.gz
Analysis complete for Cell144.R2.fastq.gz
FastQC complete
Feb 16 18:54:23 ..... Started STAR run
Feb 16 18:54:35 ..... Started mapping
Feb 16 18:54:48 ..... Started sorting BAM
Feb 16 18:54:50 ..... Finished successfully
STAR alignment complete
