
Cell26
Script is beginning...
Analysis complete for Cell26.R1.fastq.gz
Analysis complete for Cell26.R2.fastq.gz
FastQC complete
Feb 16 18:00:48 ..... Started STAR run
Feb 16 18:05:52 ..... Started mapping
Feb 16 18:06:11 ..... Started sorting BAM
Feb 16 18:06:30 ..... Finished successfully
STAR alignment complete

Cell26
Script is beginning...
Analysis complete for Cell26.R1.fastq.gz
Analysis complete for Cell26.R2.fastq.gz
FastQC complete
Feb 16 19:27:54 ..... Started STAR run
Feb 16 19:29:06 ..... Started mapping
Feb 16 19:29:23 ..... Started sorting BAM
Feb 16 19:29:33 ..... Finished successfully
STAR alignment complete
