
Cell38
Script is beginning...
Analysis complete for Cell38.R1.fastq.gz
Analysis complete for Cell38.R2.fastq.gz
FastQC complete
Feb 16 18:07:36 ..... Started STAR run
Feb 16 18:09:30 ..... Started mapping
Feb 16 18:09:32 ..... Started sorting BAM
Feb 16 18:09:32 ..... Finished successfully
STAR alignment complete

Cell38
Script is beginning...
Analysis complete for Cell38.R1.fastq.gz
Analysis complete for Cell38.R2.fastq.gz
FastQC complete
Feb 16 19:35:50 ..... Started STAR run
Feb 16 19:37:04 ..... Started mapping
Feb 16 19:37:05 ..... Started sorting BAM
Feb 16 19:37:06 ..... Finished successfully
STAR alignment complete
