
Cell135
Script is beginning...
Analysis complete for Cell135.R1.fastq.gz
Analysis complete for Cell135.R2.fastq.gz
FastQC complete
Feb 16 17:26:52 ..... Started STAR run
Feb 16 17:27:03 ..... Started mapping
Feb 16 17:27:17 ..... Started sorting BAM
Feb 16 17:27:30 ..... Finished successfully
STAR alignment complete

Cell135
Script is beginning...
Analysis complete for Cell135.R1.fastq.gz
Analysis complete for Cell135.R2.fastq.gz
FastQC complete
Feb 16 18:51:15 ..... Started STAR run
Feb 16 18:51:27 ..... Started mapping
Feb 16 18:51:41 ..... Started sorting BAM
Feb 16 18:51:48 ..... Finished successfully
STAR alignment complete
