
Cell170
Script is beginning...
Analysis complete for Cell170.R1.fastq.gz
Analysis complete for Cell170.R2.fastq.gz
FastQC complete
Feb 16 17:43:03 ..... Started STAR run
Feb 16 17:50:00 ..... Started mapping
Feb 16 17:50:15 ..... Started sorting BAM
Feb 16 17:50:24 ..... Finished successfully
STAR alignment complete

Cell170
Script is beginning...
Analysis complete for Cell170.R1.fastq.gz
Analysis complete for Cell170.R2.fastq.gz
FastQC complete
Feb 16 19:09:19 ..... Started STAR run
Feb 16 19:11:24 ..... Started mapping
Feb 16 19:11:38 ..... Started sorting BAM
Feb 16 19:11:45 ..... Finished successfully
STAR alignment complete
