
Cell147
Script is beginning...
Analysis complete for Cell147.R1.fastq.gz
Analysis complete for Cell147.R2.fastq.gz
FastQC complete
Feb 16 17:32:22 ..... Started STAR run
Feb 16 17:35:48 ..... Started mapping
Feb 16 17:35:54 ..... Started sorting BAM
Feb 16 17:35:55 ..... Finished successfully
STAR alignment complete

Cell147
Script is beginning...
Analysis complete for Cell147.R1.fastq.gz
Analysis complete for Cell147.R2.fastq.gz
FastQC complete
Feb 16 18:55:35 ..... Started STAR run
Feb 16 18:55:48 ..... Started mapping
Feb 16 18:55:54 ..... Started sorting BAM
Feb 16 18:55:55 ..... Finished successfully
STAR alignment complete
