
Cell58
Script is beginning...
Analysis complete for Cell58.R1.fastq.gz
Analysis complete for Cell58.R2.fastq.gz
FastQC complete
Feb 16 18:16:20 ..... Started STAR run
Feb 16 18:19:42 ..... Started mapping
Feb 16 18:19:55 ..... Started sorting BAM
Feb 16 18:20:01 ..... Finished successfully
STAR alignment complete

Cell58
Script is beginning...
Analysis complete for Cell58.R1.fastq.gz
Analysis complete for Cell58.R2.fastq.gz
FastQC complete
Feb 16 19:44:18 ..... Started STAR run
Feb 16 19:44:30 ..... Started mapping
Feb 16 19:44:44 ..... Started sorting BAM
Feb 16 19:44:56 ..... Finished successfully
STAR alignment complete
