
Cell112
Script is beginning...
Analysis complete for Cell112.R1.fastq.gz
Analysis complete for Cell112.R2.fastq.gz
FastQC complete
Feb 16 17:06:07 ..... Started STAR run
Feb 16 17:13:16 ..... Started mapping
Feb 16 17:13:18 ..... Started sorting BAM
Feb 16 17:13:18 ..... Finished successfully
STAR alignment complete

Cell112
Script is beginning...
Analysis complete for Cell112.R1.fastq.gz
Analysis complete for Cell112.R2.fastq.gz
FastQC complete
Feb 16 18:40:48 ..... Started STAR run
Feb 16 18:41:52 ..... Started mapping
Feb 16 18:41:53 ..... Started sorting BAM
Feb 16 18:41:53 ..... Finished successfully
STAR alignment complete
