
Cell27
Script is beginning...
Analysis complete for Cell27.R1.fastq.gz
Analysis complete for Cell27.R2.fastq.gz
FastQC complete
Feb 16 18:00:52 ..... Started STAR run
Feb 16 18:05:57 ..... Started mapping
Feb 16 18:06:14 ..... Started sorting BAM
Feb 16 18:06:27 ..... Finished successfully
STAR alignment complete

Cell27
Script is beginning...
Analysis complete for Cell27.R1.fastq.gz
Analysis complete for Cell27.R2.fastq.gz
FastQC complete
Feb 16 19:29:08 ..... Started STAR run
Feb 16 19:36:09 ..... Started mapping
Feb 16 19:36:25 ..... Started sorting BAM
Feb 16 19:36:39 ..... Finished successfully
STAR alignment complete
