
Cell32
Script is beginning...
Analysis complete for Cell32.R1.fastq.gz
Analysis complete for Cell32.R2.fastq.gz
FastQC complete
Feb 16 18:04:22 ..... Started STAR run
Feb 16 18:05:57 ..... Started mapping
Feb 16 18:06:12 ..... Started sorting BAM
Feb 16 18:06:24 ..... Finished successfully
STAR alignment complete

Cell32
Script is beginning...
Analysis complete for Cell32.R1.fastq.gz
Analysis complete for Cell32.R2.fastq.gz
FastQC complete
Feb 16 19:30:51 ..... Started STAR run
Feb 16 19:38:10 ..... Started mapping
Feb 16 19:38:28 ..... Started sorting BAM
Feb 16 19:38:43 ..... Finished successfully
STAR alignment complete
