
Cell115
Script is beginning...
Analysis complete for Cell115.R1.fastq.gz
Analysis complete for Cell115.R2.fastq.gz
FastQC complete
Feb 16 17:13:19 ..... Started STAR run
Feb 16 17:20:00 ..... Started mapping
Feb 16 17:20:19 ..... Started sorting BAM
Feb 16 17:20:35 ..... Finished successfully
STAR alignment complete

Cell115
Script is beginning...
Analysis complete for Cell115.R1.fastq.gz
Analysis complete for Cell115.R2.fastq.gz
FastQC complete
Feb 16 18:41:35 ..... Started STAR run
Feb 16 18:46:00 ..... Started mapping
Feb 16 18:46:22 ..... Started sorting BAM
Feb 16 18:46:41 ..... Finished successfully
STAR alignment complete
