
Cell92
Script is beginning...
Analysis complete for Cell92.R1.fastq.gz
Analysis complete for Cell92.R2.fastq.gz
FastQC complete
Feb 16 18:32:03 ..... Started STAR run
Feb 16 18:32:14 ..... Started mapping
Feb 16 18:32:27 ..... Started sorting BAM
Feb 16 18:32:34 ..... Finished successfully
STAR alignment complete

Cell92
Script is beginning...
Analysis complete for Cell92.R1.fastq.gz
Analysis complete for Cell92.R2.fastq.gz
FastQC complete
Feb 16 20:02:49 ..... Started STAR run
Feb 16 20:03:02 ..... Started mapping
Feb 16 20:03:16 ..... Started sorting BAM
Feb 16 20:03:22 ..... Finished successfully
STAR alignment complete
