
Cell62
Script is beginning...
Analysis complete for Cell62.R1.fastq.gz
Analysis complete for Cell62.R2.fastq.gz
FastQC complete
Feb 16 18:19:19 ..... Started STAR run
Feb 16 18:20:09 ..... Started mapping
Feb 16 18:20:22 ..... Started sorting BAM
Feb 16 18:20:31 ..... Finished successfully
STAR alignment complete

Cell62
Script is beginning...
Analysis complete for Cell62.R1.fastq.gz
Analysis complete for Cell62.R2.fastq.gz
FastQC complete
Feb 16 19:46:40 ..... Started STAR run
Feb 16 19:46:55 ..... Started mapping
Feb 16 19:47:11 ..... Started sorting BAM
Feb 16 19:47:25 ..... Finished successfully
STAR alignment complete
