
Cell185
Script is beginning...
Analysis complete for Cell185.R1.fastq.gz
Analysis complete for Cell185.R2.fastq.gz
FastQC complete
Feb 16 17:52:47 ..... Started STAR run
Feb 16 17:54:00 ..... Started mapping
Feb 16 17:54:14 ..... Started sorting BAM
Feb 16 17:54:19 ..... Finished successfully
STAR alignment complete

Cell185
Script is beginning...
Analysis complete for Cell185.R1.fastq.gz
Analysis complete for Cell185.R2.fastq.gz
FastQC complete
Feb 16 19:18:21 ..... Started STAR run
Feb 16 19:18:33 ..... Started mapping
Feb 16 19:18:48 ..... Started sorting BAM
Feb 16 19:18:58 ..... Finished successfully
STAR alignment complete
