
Cell65
Script is beginning...
Analysis complete for Cell65.R1.fastq.gz
Analysis complete for Cell65.R2.fastq.gz
FastQC complete
Feb 16 18:20:17 ..... Started STAR run
Feb 16 18:23:21 ..... Started mapping
Feb 16 18:23:40 ..... Started sorting BAM
Feb 16 18:24:10 ..... Finished successfully
STAR alignment complete

Cell65
Script is beginning...
Analysis complete for Cell65.R1.fastq.gz
Analysis complete for Cell65.R2.fastq.gz
FastQC complete
Feb 16 19:48:07 ..... Started STAR run
Feb 16 19:48:46 ..... Started mapping
Feb 16 19:49:01 ..... Started sorting BAM
Feb 16 19:49:07 ..... Finished successfully
STAR alignment complete
