
Cell33
Script is beginning...
Analysis complete for Cell33.R1.fastq.gz
Analysis complete for Cell33.R2.fastq.gz
FastQC complete
Feb 16 18:06:39 ..... Started STAR run
Feb 16 18:06:52 ..... Started mapping
Feb 16 18:07:07 ..... Started sorting BAM
Feb 16 18:07:16 ..... Finished successfully
STAR alignment complete

Cell33
Script is beginning...
Analysis complete for Cell33.R1.fastq.gz
Analysis complete for Cell33.R2.fastq.gz
FastQC complete
Feb 16 19:30:53 ..... Started STAR run
Feb 16 19:38:10 ..... Started mapping
Feb 16 19:38:30 ..... Started sorting BAM
Feb 16 19:38:46 ..... Finished successfully
STAR alignment complete
