
Cell101
Script is beginning...
Analysis complete for Cell101.R1.fastq.gz
Analysis complete for Cell101.R2.fastq.gz
FastQC complete
Feb 16 16:57:32 ..... Started STAR run
Feb 16 17:03:30 ..... Started mapping
Feb 16 17:03:47 ..... Started sorting BAM
Feb 16 17:03:52 ..... Finished successfully
STAR alignment complete

Cell101
Script is beginning...
Analysis complete for Cell101.R1.fastq.gz
Analysis complete for Cell101.R2.fastq.gz
FastQC complete
Feb 16 18:35:06 ..... Started STAR run
Feb 16 18:35:19 ..... Started mapping
Feb 16 18:35:34 ..... Started sorting BAM
Feb 16 18:35:42 ..... Finished successfully
STAR alignment complete
