
Cell124
Script is beginning...
Analysis complete for Cell124.R1.fastq.gz
Analysis complete for Cell124.R2.fastq.gz
FastQC complete
Feb 16 17:21:26 ..... Started STAR run
Feb 16 17:25:52 ..... Started mapping
Feb 16 17:26:06 ..... Started sorting BAM
Feb 16 17:26:11 ..... Finished successfully
STAR alignment complete

Cell124
Script is beginning...
Analysis complete for Cell124.R1.fastq.gz
Analysis complete for Cell124.R2.fastq.gz
FastQC complete
Feb 16 18:46:33 ..... Started STAR run
Feb 16 18:46:46 ..... Started mapping
Feb 16 18:47:01 ..... Started sorting BAM
Feb 16 18:47:09 ..... Finished successfully
STAR alignment complete
