
Cell10
Script is beginning...
Analysis complete for Cell10.R1.fastq.gz
Analysis complete for Cell10.R2.fastq.gz
FastQC complete
Feb 16 17:04:07 ..... Started STAR run
Feb 16 17:12:23 ..... Started mapping
Feb 16 17:12:38 ..... Started sorting BAM
Feb 16 17:12:49 ..... Finished successfully
STAR alignment complete

Cell10
Script is beginning...
Analysis complete for Cell10.R1.fastq.gz
Analysis complete for Cell10.R2.fastq.gz
FastQC complete
Feb 16 18:38:50 ..... Started STAR run
Feb 16 18:39:49 ..... Started mapping
Feb 16 18:40:03 ..... Started sorting BAM
Feb 16 18:40:11 ..... Finished successfully
STAR alignment complete
