
Cell164
Script is beginning...
Analysis complete for Cell164.R1.fastq.gz
Analysis complete for Cell164.R2.fastq.gz
FastQC complete
Feb 16 17:40:08 ..... Started STAR run
Feb 16 17:40:33 ..... Started mapping
Feb 16 17:40:49 ..... Started sorting BAM
Feb 16 17:40:54 ..... Finished successfully
STAR alignment complete

Cell164
Script is beginning...
Analysis complete for Cell164.R1.fastq.gz
Analysis complete for Cell164.R2.fastq.gz
FastQC complete
Feb 16 19:07:02 ..... Started STAR run
Feb 16 19:07:15 ..... Started mapping
Feb 16 19:07:29 ..... Started sorting BAM
Feb 16 19:07:38 ..... Finished successfully
STAR alignment complete
