
Cell49
Script is beginning...
Analysis complete for Cell49.R1.fastq.gz
Analysis complete for Cell49.R2.fastq.gz
FastQC complete
Feb 16 18:13:36 ..... Started STAR run
Feb 16 18:13:48 ..... Started mapping
Feb 16 18:14:03 ..... Started sorting BAM
Feb 16 18:14:06 ..... Finished successfully
STAR alignment complete

Cell49
Script is beginning...
Analysis complete for Cell49.R1.fastq.gz
Analysis complete for Cell49.R2.fastq.gz
FastQC complete
Feb 16 19:40:39 ..... Started STAR run
Feb 16 19:42:28 ..... Started mapping
Feb 16 19:42:41 ..... Started sorting BAM
Feb 16 19:42:43 ..... Finished successfully
STAR alignment complete
