
Cell50
Script is beginning...
Analysis complete for Cell50.R1.fastq.gz
Analysis complete for Cell50.R2.fastq.gz
FastQC complete
Feb 16 18:14:22 ..... Started STAR run
Feb 16 18:14:35 ..... Started mapping
Feb 16 18:14:35 ..... Started sorting BAM
Feb 16 18:14:36 ..... Finished successfully
STAR alignment complete

Cell50
Script is beginning...
Analysis complete for Cell50.R1.fastq.gz
Analysis complete for Cell50.R2.fastq.gz
FastQC complete
Feb 16 19:42:34 ..... Started STAR run
Feb 16 19:42:45 ..... Started mapping
Feb 16 19:42:46 ..... Started sorting BAM
Feb 16 19:42:46 ..... Finished successfully
STAR alignment complete
