
Cell8
Script is beginning...
Analysis complete for Cell8.R1.fastq.gz
Analysis complete for Cell8.R2.fastq.gz
FastQC complete
Feb 16 18:30:52 ..... Started STAR run
Feb 16 18:31:03 ..... Started mapping
Feb 16 18:31:18 ..... Started sorting BAM
Feb 16 18:31:34 ..... Finished successfully
STAR alignment complete

Cell8
Script is beginning...
Analysis complete for Cell8.R1.fastq.gz
Analysis complete for Cell8.R2.fastq.gz
FastQC complete
Feb 16 20:01:11 ..... Started STAR run
Feb 16 20:02:35 ..... Started mapping
Feb 16 20:02:50 ..... Started sorting BAM
Feb 16 20:02:58 ..... Finished successfully
STAR alignment complete
