
Cell155
Script is beginning...
Analysis complete for Cell155.R1.fastq.gz
Analysis complete for Cell155.R2.fastq.gz
FastQC complete
Feb 16 17:36:46 ..... Started STAR run
Feb 16 17:36:58 ..... Started mapping
Feb 16 17:37:15 ..... Started sorting BAM
Feb 16 17:37:23 ..... Finished successfully
STAR alignment complete

Cell155
Script is beginning...
Analysis complete for Cell155.R1.fastq.gz
Analysis complete for Cell155.R2.fastq.gz
FastQC complete
Feb 16 18:59:48 ..... Started STAR run
Feb 16 19:06:04 ..... Started mapping
Feb 16 19:06:23 ..... Started sorting BAM
Feb 16 19:06:36 ..... Finished successfully
STAR alignment complete
