
Cell36
Script is beginning...
Analysis complete for Cell36.R1.fastq.gz
Analysis complete for Cell36.R2.fastq.gz
FastQC complete
Feb 16 18:06:50 ..... Started STAR run
Feb 16 18:11:24 ..... Started mapping
Feb 16 18:11:25 ..... Started sorting BAM
Feb 16 18:11:25 ..... Finished successfully
STAR alignment complete

Cell36
Script is beginning...
Analysis complete for Cell36.R1.fastq.gz
Analysis complete for Cell36.R2.fastq.gz
FastQC complete
Feb 16 19:34:49 ..... Started STAR run
Feb 16 19:35:24 ..... Started mapping
Feb 16 19:35:25 ..... Started sorting BAM
Feb 16 19:35:26 ..... Finished successfully
STAR alignment complete
