
Cell87
Script is beginning...
Analysis complete for Cell87.R1.fastq.gz
Analysis complete for Cell87.R2.fastq.gz
FastQC complete
Feb 16 18:30:17 ..... Started STAR run
Feb 16 18:33:32 ..... Started mapping
Feb 16 18:33:55 ..... Started sorting BAM
Feb 16 18:34:04 ..... Finished successfully
STAR alignment complete

Cell87
Script is beginning...
Analysis complete for Cell87.R1.fastq.gz
Analysis complete for Cell87.R2.fastq.gz
FastQC complete
Feb 16 19:59:35 ..... Started STAR run
Feb 16 20:04:37 ..... Started mapping
Feb 16 20:04:57 ..... Started sorting BAM
Feb 16 20:05:18 ..... Finished successfully
STAR alignment complete
