
Cell98
Script is beginning...
Analysis complete for Cell98.R1.fastq.gz
Analysis complete for Cell98.R2.fastq.gz
FastQC complete
Feb 16 18:34:23 ..... Started STAR run
Feb 16 18:34:36 ..... Started mapping
Feb 16 18:34:54 ..... Started sorting BAM
Feb 16 18:34:57 ..... Finished successfully
STAR alignment complete

Cell98
Script is beginning...
Analysis complete for Cell98.R1.fastq.gz
Analysis complete for Cell98.R2.fastq.gz
FastQC complete
Feb 16 20:04:38 ..... Started STAR run
Feb 16 20:09:02 ..... Started mapping
Feb 16 20:09:19 ..... Started sorting BAM
Feb 16 20:09:22 ..... Finished successfully
STAR alignment complete
