
Cell183
Script is beginning...
Analysis complete for Cell183.R1.fastq.gz
Analysis complete for Cell183.R2.fastq.gz
FastQC complete
Feb 16 17:50:46 ..... Started STAR run
Feb 16 17:54:52 ..... Started mapping
Feb 16 17:55:08 ..... Started sorting BAM
Feb 16 17:55:16 ..... Finished successfully
STAR alignment complete

Cell183
Script is beginning...
Analysis complete for Cell183.R1.fastq.gz
Analysis complete for Cell183.R2.fastq.gz
FastQC complete
Feb 16 19:17:02 ..... Started STAR run
Feb 16 19:19:52 ..... Started mapping
Feb 16 19:20:05 ..... Started sorting BAM
Feb 16 19:20:13 ..... Finished successfully
STAR alignment complete
