
Cell150
Script is beginning...
Analysis complete for Cell150.R1.fastq.gz
Analysis complete for Cell150.R2.fastq.gz
FastQC complete
Feb 16 17:34:36 ..... Started STAR run
Feb 16 17:41:47 ..... Started mapping
Feb 16 17:42:04 ..... Started sorting BAM
Feb 16 17:42:32 ..... Finished successfully
STAR alignment complete

Cell150
Script is beginning...
Analysis complete for Cell150.R1.fastq.gz
Analysis complete for Cell150.R2.fastq.gz
FastQC complete
Feb 16 18:57:35 ..... Started STAR run
Feb 16 18:57:47 ..... Started mapping
Feb 16 18:58:02 ..... Started sorting BAM
Feb 16 18:58:16 ..... Finished successfully
STAR alignment complete
