
Cell34
Script is beginning...
Analysis complete for Cell34.R1.fastq.gz
Analysis complete for Cell34.R2.fastq.gz
FastQC complete
Feb 16 18:07:06 ..... Started STAR run
Feb 16 18:11:53 ..... Started mapping
Feb 16 18:12:08 ..... Started sorting BAM
Feb 16 18:12:14 ..... Finished successfully
STAR alignment complete

Cell34
Script is beginning...
Analysis complete for Cell34.R1.fastq.gz
Analysis complete for Cell34.R2.fastq.gz
FastQC complete
Feb 16 19:33:54 ..... Started STAR run
Feb 16 19:34:09 ..... Started mapping
Feb 16 19:34:25 ..... Started sorting BAM
Feb 16 19:34:35 ..... Finished successfully
STAR alignment complete
