
Cell160
Script is beginning...
Analysis complete for Cell160.R1.fastq.gz
Analysis complete for Cell160.R2.fastq.gz
FastQC complete
Feb 16 17:38:51 ..... Started STAR run
Feb 16 17:42:39 ..... Started mapping
Feb 16 17:42:53 ..... Started sorting BAM
Feb 16 17:43:01 ..... Finished successfully
STAR alignment complete

Cell160
Script is beginning...
Analysis complete for Cell160.R1.fastq.gz
Analysis complete for Cell160.R2.fastq.gz
FastQC complete
Feb 16 19:05:15 ..... Started STAR run
Feb 16 19:05:28 ..... Started mapping
Feb 16 19:05:45 ..... Started sorting BAM
Feb 16 19:05:56 ..... Finished successfully
STAR alignment complete
