
Cell21
Script is beginning...
Analysis complete for Cell21.R1.fastq.gz
Analysis complete for Cell21.R2.fastq.gz
FastQC complete
Feb 16 17:56:55 ..... Started STAR run
Feb 16 17:57:09 ..... Started mapping
Feb 16 17:57:25 ..... Started sorting BAM
Feb 16 17:57:27 ..... Finished successfully
STAR alignment complete

Cell21
Script is beginning...
Analysis complete for Cell21.R1.fastq.gz
Analysis complete for Cell21.R2.fastq.gz
FastQC complete
Feb 16 19:23:08 ..... Started STAR run
Feb 16 19:29:55 ..... Started mapping
Feb 16 19:30:10 ..... Started sorting BAM
Feb 16 19:30:12 ..... Finished successfully
STAR alignment complete
