
Cell192
Script is beginning...
Analysis complete for Cell192.R1.fastq.gz
Analysis complete for Cell192.R2.fastq.gz
FastQC complete
Feb 16 17:55:20 ..... Started STAR run
Feb 16 17:58:48 ..... Started mapping
Feb 16 17:58:49 ..... Started sorting BAM
Feb 16 17:58:49 ..... Finished successfully
STAR alignment complete

Cell192
Script is beginning...
Analysis complete for Cell192.R1.fastq.gz
Analysis complete for Cell192.R2.fastq.gz
FastQC complete
Feb 16 19:22:18 ..... Started STAR run
Feb 16 19:28:49 ..... Started mapping
Feb 16 19:28:50 ..... Started sorting BAM
Feb 16 19:28:50 ..... Finished successfully
STAR alignment complete
