
Cell53
Script is beginning...
Analysis complete for Cell53.R1.fastq.gz
Analysis complete for Cell53.R2.fastq.gz
FastQC complete
Feb 16 18:14:47 ..... Started STAR run
Feb 16 18:15:02 ..... Started mapping
Feb 16 18:15:19 ..... Started sorting BAM
Feb 16 18:15:36 ..... Finished successfully
STAR alignment complete

Cell53
Script is beginning...
Analysis complete for Cell53.R1.fastq.gz
Analysis complete for Cell53.R2.fastq.gz
FastQC complete
Feb 16 19:43:18 ..... Started STAR run
Feb 16 19:43:30 ..... Started mapping
Feb 16 19:43:43 ..... Started sorting BAM
Feb 16 19:43:54 ..... Finished successfully
STAR alignment complete
