
Cell40
Script is beginning...
Analysis complete for Cell40.R1.fastq.gz
Analysis complete for Cell40.R2.fastq.gz
FastQC complete
Feb 16 18:10:19 ..... Started STAR run
Feb 16 18:15:27 ..... Started mapping
Feb 16 18:15:29 ..... Started sorting BAM
Feb 16 18:15:29 ..... Finished successfully
STAR alignment complete

Cell40
Script is beginning...
Analysis complete for Cell40.R1.fastq.gz
Analysis complete for Cell40.R2.fastq.gz
FastQC complete
Feb 16 19:37:06 ..... Started STAR run
Feb 16 19:42:16 ..... Started mapping
Feb 16 19:42:17 ..... Started sorting BAM
Feb 16 19:42:18 ..... Finished successfully
STAR alignment complete
