
Cell131
Script is beginning...
Analysis complete for Cell131.R1.fastq.gz
Analysis complete for Cell131.R2.fastq.gz
FastQC complete
Feb 16 17:26:01 ..... Started STAR run
Feb 16 17:26:13 ..... Started mapping
Feb 16 17:26:26 ..... Started sorting BAM
Feb 16 17:26:34 ..... Finished successfully
STAR alignment complete

Cell131
Script is beginning...
Analysis complete for Cell131.R1.fastq.gz
Analysis complete for Cell131.R2.fastq.gz
FastQC complete
Feb 16 18:48:04 ..... Started STAR run
Feb 16 18:52:47 ..... Started mapping
Feb 16 18:53:03 ..... Started sorting BAM
Feb 16 18:53:12 ..... Finished successfully
STAR alignment complete
