
Cell113
Script is beginning...
Analysis complete for Cell113.R1.fastq.gz
Analysis complete for Cell113.R2.fastq.gz
FastQC complete
Feb 16 17:09:08 ..... Started STAR run
Feb 16 17:14:49 ..... Started mapping
Feb 16 17:15:05 ..... Started sorting BAM
Feb 16 17:15:13 ..... Finished successfully
STAR alignment complete

Cell113
Script is beginning...
Analysis complete for Cell113.R1.fastq.gz
Analysis complete for Cell113.R2.fastq.gz
FastQC complete
Feb 16 18:41:35 ..... Started STAR run
Feb 16 18:46:00 ..... Started mapping
Feb 16 18:46:20 ..... Started sorting BAM
Feb 16 18:46:37 ..... Finished successfully
STAR alignment complete
