
Cell12
Script is beginning...
Analysis complete for Cell12.R1.fastq.gz
Analysis complete for Cell12.R2.fastq.gz
FastQC complete
Feb 16 17:25:41 ..... Started STAR run
Feb 16 17:26:02 ..... Started mapping
Feb 16 17:26:16 ..... Started sorting BAM
Feb 16 17:26:21 ..... Finished successfully
STAR alignment complete

Cell12
Script is beginning...
Analysis complete for Cell12.R1.fastq.gz
Analysis complete for Cell12.R2.fastq.gz
FastQC complete
Feb 16 18:47:54 ..... Started STAR run
Feb 16 18:48:07 ..... Started mapping
Feb 16 18:48:22 ..... Started sorting BAM
Feb 16 18:48:29 ..... Finished successfully
STAR alignment complete
