
Cell149
Script is beginning...
Analysis complete for Cell149.R1.fastq.gz
Analysis complete for Cell149.R2.fastq.gz
FastQC complete
Feb 16 17:33:41 ..... Started STAR run
Feb 16 17:38:25 ..... Started mapping
Feb 16 17:38:39 ..... Started sorting BAM
Feb 16 17:38:41 ..... Finished successfully
STAR alignment complete

Cell149
Script is beginning...
Analysis complete for Cell149.R1.fastq.gz
Analysis complete for Cell149.R2.fastq.gz
FastQC complete
Feb 16 18:56:26 ..... Started STAR run
Feb 16 18:56:39 ..... Started mapping
Feb 16 18:56:54 ..... Started sorting BAM
Feb 16 18:56:57 ..... Finished successfully
STAR alignment complete
