
Cell37
Script is beginning...
Analysis complete for Cell37.R1.fastq.gz
Analysis complete for Cell37.R2.fastq.gz
FastQC complete
Feb 16 18:06:50 ..... Started STAR run
Feb 16 18:11:24 ..... Started mapping
Feb 16 18:11:25 ..... Started sorting BAM
Feb 16 18:11:25 ..... Finished successfully
STAR alignment complete

Cell37
Script is beginning...
Analysis complete for Cell37.R1.fastq.gz
Analysis complete for Cell37.R2.fastq.gz
FastQC complete
Feb 16 19:35:33 ..... Started STAR run
Feb 16 19:35:46 ..... Started mapping
Feb 16 19:35:48 ..... Started sorting BAM
Feb 16 19:35:48 ..... Finished successfully
STAR alignment complete
