
Cell18
Script is beginning...
Analysis complete for Cell18.R1.fastq.gz
Analysis complete for Cell18.R2.fastq.gz
FastQC complete
Feb 16 17:54:53 ..... Started STAR run
Feb 16 18:00:06 ..... Started mapping
Feb 16 18:00:07 ..... Started sorting BAM
Feb 16 18:00:07 ..... Finished successfully
STAR alignment complete

Cell18
Script is beginning...
Analysis complete for Cell18.R1.fastq.gz
Analysis complete for Cell18.R2.fastq.gz
FastQC complete
Feb 16 19:21:51 ..... Started STAR run
Feb 16 19:22:28 ..... Started mapping
Feb 16 19:22:30 ..... Started sorting BAM
Feb 16 19:22:30 ..... Finished successfully
STAR alignment complete
