
Cell91
Script is beginning...
Analysis complete for Cell91.R1.fastq.gz
Analysis complete for Cell91.R2.fastq.gz
FastQC complete
Feb 16 18:32:03 ..... Started STAR run
Feb 16 18:32:15 ..... Started mapping
Feb 16 18:32:28 ..... Started sorting BAM
Feb 16 18:32:35 ..... Finished successfully
STAR alignment complete

Cell91
Script is beginning...
Analysis complete for Cell91.R1.fastq.gz
Analysis complete for Cell91.R2.fastq.gz
FastQC complete
Feb 16 20:01:34 ..... Started STAR run
Feb 16 20:01:47 ..... Started mapping
Feb 16 20:02:02 ..... Started sorting BAM
Feb 16 20:02:14 ..... Finished successfully
STAR alignment complete
