
Cell28
Script is beginning...
Analysis complete for Cell28.R1.fastq.gz
Analysis complete for Cell28.R2.fastq.gz
FastQC complete
Feb 16 18:01:08 ..... Started STAR run
Feb 16 18:05:44 ..... Started mapping
Feb 16 18:05:58 ..... Started sorting BAM
Feb 16 18:06:04 ..... Finished successfully
STAR alignment complete

Cell28
Script is beginning...
Analysis complete for Cell28.R1.fastq.gz
Analysis complete for Cell28.R2.fastq.gz
FastQC complete
Feb 16 19:29:18 ..... Started STAR run
Feb 16 19:36:09 ..... Started mapping
Feb 16 19:36:29 ..... Started sorting BAM
Feb 16 19:36:51 ..... Finished successfully
STAR alignment complete
