
Cell156
Script is beginning...
Analysis complete for Cell156.R1.fastq.gz
Analysis complete for Cell156.R2.fastq.gz
FastQC complete
Feb 16 17:37:07 ..... Started STAR run
Feb 16 17:38:16 ..... Started mapping
Feb 16 17:38:18 ..... Started sorting BAM
Feb 16 17:38:19 ..... Finished successfully
STAR alignment complete

Cell156
Script is beginning...
Analysis complete for Cell156.R1.fastq.gz
Analysis complete for Cell156.R2.fastq.gz
FastQC complete
Feb 16 19:00:06 ..... Started STAR run
Feb 16 19:02:54 ..... Started mapping
Feb 16 19:02:56 ..... Started sorting BAM
Feb 16 19:02:56 ..... Finished successfully
STAR alignment complete
