
Cell93
Script is beginning...
Analysis complete for Cell93.R1.fastq.gz
Analysis complete for Cell93.R2.fastq.gz
FastQC complete
Feb 16 18:32:54 ..... Started STAR run
Feb 16 18:33:06 ..... Started mapping
Feb 16 18:33:07 ..... Started sorting BAM
Feb 16 18:33:07 ..... Finished successfully
STAR alignment complete

Cell93
Script is beginning...
Analysis complete for Cell93.R1.fastq.gz
Analysis complete for Cell93.R2.fastq.gz
FastQC complete
Feb 16 20:03:23 ..... Started STAR run
Feb 16 20:03:35 ..... Started mapping
Feb 16 20:03:35 ..... Started sorting BAM
Feb 16 20:03:36 ..... Finished successfully
STAR alignment complete
