
Cell118
Script is beginning...
Analysis complete for Cell118.R1.fastq.gz
Analysis complete for Cell118.R2.fastq.gz
FastQC complete
Feb 16 17:14:06 ..... Started STAR run
Feb 16 17:17:45 ..... Started mapping
Feb 16 17:18:02 ..... Started sorting BAM
Feb 16 17:18:15 ..... Finished successfully
STAR alignment complete

Cell118
Script is beginning...
Analysis complete for Cell118.R1.fastq.gz
Analysis complete for Cell118.R2.fastq.gz
FastQC complete
Feb 16 18:42:34 ..... Started STAR run
Feb 16 18:46:56 ..... Started mapping
Feb 16 18:47:12 ..... Started sorting BAM
Feb 16 18:47:30 ..... Finished successfully
STAR alignment complete
