
Cell78
Script is beginning...
Analysis complete for Cell78.R1.fastq.gz
Analysis complete for Cell78.R2.fastq.gz
FastQC complete
Feb 16 18:24:50 ..... Started STAR run
Feb 16 18:29:29 ..... Started mapping
Feb 16 18:29:47 ..... Started sorting BAM
Feb 16 18:29:54 ..... Finished successfully
STAR alignment complete

Cell78
Script is beginning...
Analysis complete for Cell78.R1.fastq.gz
Analysis complete for Cell78.R2.fastq.gz
FastQC complete
Feb 16 19:54:49 ..... Started STAR run
Feb 16 19:57:55 ..... Started mapping
Feb 16 19:58:13 ..... Started sorting BAM
Feb 16 19:58:33 ..... Finished successfully
STAR alignment complete
