
Cell102
Script is beginning...
Analysis complete for Cell102.R1.fastq.gz
Analysis complete for Cell102.R2.fastq.gz
FastQC complete
Feb 16 16:57:23 ..... Started STAR run
Feb 16 17:03:30 ..... Started mapping
Feb 16 17:03:37 ..... Started sorting BAM
Feb 16 17:03:38 ..... Finished successfully
STAR alignment complete

Cell102
Script is beginning...
Analysis complete for Cell102.R1.fastq.gz
Analysis complete for Cell102.R2.fastq.gz
FastQC complete
Feb 16 18:35:23 ..... Started STAR run
Feb 16 18:35:35 ..... Started mapping
Feb 16 18:35:41 ..... Started sorting BAM
Feb 16 18:35:42 ..... Finished successfully
STAR alignment complete
