
Cell31
Script is beginning...
Analysis complete for Cell31.R1.fastq.gz
Analysis complete for Cell31.R2.fastq.gz
FastQC complete
Feb 16 18:03:06 ..... Started STAR run
Feb 16 18:03:22 ..... Started mapping
Feb 16 18:03:37 ..... Started sorting BAM
Feb 16 18:03:51 ..... Finished successfully
STAR alignment complete

Cell31
Script is beginning...
Analysis complete for Cell31.R1.fastq.gz
Analysis complete for Cell31.R2.fastq.gz
FastQC complete
Feb 16 19:30:23 ..... Started STAR run
Feb 16 19:32:50 ..... Started mapping
Feb 16 19:33:06 ..... Started sorting BAM
Feb 16 19:33:14 ..... Finished successfully
STAR alignment complete
