
Cell11
Script is beginning...
Analysis complete for Cell11.R1.fastq.gz
Analysis complete for Cell11.R2.fastq.gz
FastQC complete
Feb 16 17:16:20 ..... Started STAR run
Feb 16 17:22:24 ..... Started mapping
Feb 16 17:22:38 ..... Started sorting BAM
Feb 16 17:22:44 ..... Finished successfully
STAR alignment complete

Cell11
Script is beginning...
Analysis complete for Cell11.R1.fastq.gz
Analysis complete for Cell11.R2.fastq.gz
FastQC complete
Feb 16 18:43:14 ..... Started STAR run
Feb 16 18:43:25 ..... Started mapping
Feb 16 18:43:38 ..... Started sorting BAM
Feb 16 18:43:44 ..... Finished successfully
STAR alignment complete
