
Cell168
Script is beginning...
Analysis complete for Cell168.R1.fastq.gz
Analysis complete for Cell168.R2.fastq.gz
FastQC complete
Feb 16 17:41:09 ..... Started STAR run
Feb 16 17:46:42 ..... Started mapping
Feb 16 17:46:46 ..... Started sorting BAM
Feb 16 17:46:47 ..... Finished successfully
STAR alignment complete

Cell168
Script is beginning...
Analysis complete for Cell168.R1.fastq.gz
Analysis complete for Cell168.R2.fastq.gz
FastQC complete
Feb 16 19:08:24 ..... Started STAR run
Feb 16 19:10:41 ..... Started mapping
Feb 16 19:10:46 ..... Started sorting BAM
Feb 16 19:10:46 ..... Finished successfully
STAR alignment complete
