
Cell80
Script is beginning...
Analysis complete for Cell80.R1.fastq.gz
Analysis complete for Cell80.R2.fastq.gz
FastQC complete
Feb 16 18:26:18 ..... Started STAR run
Feb 16 18:27:55 ..... Started mapping
Feb 16 18:28:11 ..... Started sorting BAM
Feb 16 18:28:19 ..... Finished successfully
STAR alignment complete

Cell80
Script is beginning...
Analysis complete for Cell80.R1.fastq.gz
Analysis complete for Cell80.R2.fastq.gz
FastQC complete
Feb 16 19:56:50 ..... Started STAR run
Feb 16 19:57:03 ..... Started mapping
Feb 16 19:57:18 ..... Started sorting BAM
Feb 16 19:57:25 ..... Finished successfully
STAR alignment complete
