
Cell123
Script is beginning...
Analysis complete for Cell123.R1.fastq.gz
Analysis complete for Cell123.R2.fastq.gz
FastQC complete
Feb 16 17:21:03 ..... Started STAR run
Feb 16 17:25:38 ..... Started mapping
Feb 16 17:25:54 ..... Started sorting BAM
Feb 16 17:25:59 ..... Finished successfully
STAR alignment complete

Cell123
Script is beginning...
Analysis complete for Cell123.R1.fastq.gz
Analysis complete for Cell123.R2.fastq.gz
FastQC complete
Feb 16 18:46:15 ..... Started STAR run
Feb 16 18:46:27 ..... Started mapping
Feb 16 18:46:41 ..... Started sorting BAM
Feb 16 18:46:47 ..... Finished successfully
STAR alignment complete
