
Cell130
Script is beginning...
Analysis complete for Cell130.R1.fastq.gz
Analysis complete for Cell130.R2.fastq.gz
FastQC complete
Feb 16 17:25:50 ..... Started STAR run
Feb 16 17:26:02 ..... Started mapping
Feb 16 17:26:17 ..... Started sorting BAM
Feb 16 17:26:21 ..... Finished successfully
STAR alignment complete

Cell130
Script is beginning...
Analysis complete for Cell130.R1.fastq.gz
Analysis complete for Cell130.R2.fastq.gz
FastQC complete
Feb 16 18:48:06 ..... Started STAR run
Feb 16 18:52:47 ..... Started mapping
Feb 16 18:53:07 ..... Started sorting BAM
Feb 16 18:53:16 ..... Finished successfully
STAR alignment complete
