
Cell79
Script is beginning...
Analysis complete for Cell79.R1.fastq.gz
Analysis complete for Cell79.R2.fastq.gz
FastQC complete
Feb 16 18:24:36 ..... Started STAR run
Feb 16 18:29:29 ..... Started mapping
Feb 16 18:29:35 ..... Started sorting BAM
Feb 16 18:29:36 ..... Finished successfully
STAR alignment complete

Cell79
Script is beginning...
Analysis complete for Cell79.R1.fastq.gz
Analysis complete for Cell79.R2.fastq.gz
FastQC complete
Feb 16 19:55:52 ..... Started STAR run
Feb 16 19:56:05 ..... Started mapping
Feb 16 19:56:11 ..... Started sorting BAM
Feb 16 19:56:12 ..... Finished successfully
STAR alignment complete
