
Cell17
Script is beginning...
Analysis complete for Cell17.R1.fastq.gz
Analysis complete for Cell17.R2.fastq.gz
FastQC complete
Feb 16 17:49:40 ..... Started STAR run
Feb 16 17:54:07 ..... Started mapping
Feb 16 17:54:28 ..... Started sorting BAM
Feb 16 17:54:35 ..... Finished successfully
STAR alignment complete

Cell17
Script is beginning...
Analysis complete for Cell17.R1.fastq.gz
Analysis complete for Cell17.R2.fastq.gz
FastQC complete
Feb 16 19:16:05 ..... Started STAR run
Feb 16 19:16:16 ..... Started mapping
Feb 16 19:16:30 ..... Started sorting BAM
Feb 16 19:16:55 ..... Finished successfully
STAR alignment complete
