
Cell96
Script is beginning...
Analysis complete for Cell96.R1.fastq.gz
Analysis complete for Cell96.R2.fastq.gz
FastQC complete
Feb 16 18:33:48 ..... Started STAR run
Feb 16 18:34:00 ..... Started mapping
Feb 16 18:34:02 ..... Started sorting BAM
Feb 16 18:34:02 ..... Finished successfully
STAR alignment complete

Cell96
Script is beginning...
Analysis complete for Cell96.R1.fastq.gz
Analysis complete for Cell96.R2.fastq.gz
FastQC complete
Feb 16 20:04:19 ..... Started STAR run
Feb 16 20:04:37 ..... Started mapping
Feb 16 20:04:39 ..... Started sorting BAM
Feb 16 20:04:40 ..... Finished successfully
STAR alignment complete
