
Cell103
Script is beginning...
Analysis complete for Cell103.R1.fastq.gz
Analysis complete for Cell103.R2.fastq.gz
FastQC complete
Feb 16 16:57:33 ..... Started STAR run
Feb 16 17:01:37 ..... Started mapping
Feb 16 17:01:55 ..... Started sorting BAM
Feb 16 17:02:02 ..... Finished successfully
STAR alignment complete

Cell103
Script is beginning...
Analysis complete for Cell103.R1.fastq.gz
Analysis complete for Cell103.R2.fastq.gz
FastQC complete
Feb 16 18:35:49 ..... Started STAR run
Feb 16 18:41:41 ..... Started mapping
Feb 16 18:41:56 ..... Started sorting BAM
Feb 16 18:42:01 ..... Finished successfully
STAR alignment complete
