
Cell2
Script is beginning...
Analysis complete for Cell2.R1.fastq.gz
Analysis complete for Cell2.R2.fastq.gz
FastQC complete
Feb 16 18:02:22 ..... Started STAR run
Feb 16 18:09:30 ..... Started mapping
Feb 16 18:09:45 ..... Started sorting BAM
Feb 16 18:09:58 ..... Finished successfully
STAR alignment complete

Cell2
Script is beginning...
Analysis complete for Cell2.R1.fastq.gz
Analysis complete for Cell2.R2.fastq.gz
FastQC complete
Feb 16 19:29:35 ..... Started STAR run
Feb 16 19:36:02 ..... Started mapping
Feb 16 19:36:23 ..... Started sorting BAM
Feb 16 19:36:47 ..... Finished successfully
STAR alignment complete
