
Cell143
Script is beginning...
Analysis complete for Cell143.R1.fastq.gz
Analysis complete for Cell143.R2.fastq.gz
FastQC complete
Feb 16 17:31:17 ..... Started STAR run
Feb 16 17:31:44 ..... Started mapping
Feb 16 17:31:59 ..... Started sorting BAM
Feb 16 17:32:05 ..... Finished successfully
STAR alignment complete

Cell143
Script is beginning...
Analysis complete for Cell143.R1.fastq.gz
Analysis complete for Cell143.R2.fastq.gz
FastQC complete
Feb 16 18:53:48 ..... Started STAR run
Feb 16 18:54:00 ..... Started mapping
Feb 16 18:54:15 ..... Started sorting BAM
Feb 16 18:54:23 ..... Finished successfully
STAR alignment complete
