
Cell169
Script is beginning...
Analysis complete for Cell169.R1.fastq.gz
Analysis complete for Cell169.R2.fastq.gz
FastQC complete
Feb 16 17:42:20 ..... Started STAR run
Feb 16 17:48:39 ..... Started mapping
Feb 16 17:48:59 ..... Started sorting BAM
Feb 16 17:49:09 ..... Finished successfully
STAR alignment complete

Cell169
Script is beginning...
Analysis complete for Cell169.R1.fastq.gz
Analysis complete for Cell169.R2.fastq.gz
FastQC complete
Feb 16 19:08:49 ..... Started STAR run
Feb 16 19:15:10 ..... Started mapping
Feb 16 19:15:27 ..... Started sorting BAM
Feb 16 19:15:44 ..... Finished successfully
STAR alignment complete
