
Cell56
Script is beginning...
Analysis complete for Cell56.R1.fastq.gz
Analysis complete for Cell56.R2.fastq.gz
FastQC complete
Feb 16 18:16:08 ..... Started STAR run
Feb 16 18:21:52 ..... Started mapping
Feb 16 18:22:08 ..... Started sorting BAM
Feb 16 18:22:16 ..... Finished successfully
STAR alignment complete

Cell56
Script is beginning...
Analysis complete for Cell56.R1.fastq.gz
Analysis complete for Cell56.R2.fastq.gz
FastQC complete
Feb 16 19:44:06 ..... Started STAR run
Feb 16 19:51:59 ..... Started mapping
Feb 16 19:52:15 ..... Started sorting BAM
Feb 16 19:52:18 ..... Finished successfully
STAR alignment complete
