
Cell175
Script is beginning...
Analysis complete for Cell175.R1.fastq.gz
Analysis complete for Cell175.R2.fastq.gz
FastQC complete
Feb 16 17:45:48 ..... Started STAR run
Feb 16 17:46:05 ..... Started mapping
Feb 16 17:46:21 ..... Started sorting BAM
Feb 16 17:46:30 ..... Finished successfully
STAR alignment complete

Cell175
Script is beginning...
Analysis complete for Cell175.R1.fastq.gz
Analysis complete for Cell175.R2.fastq.gz
FastQC complete
Feb 16 19:14:46 ..... Started STAR run
Feb 16 19:21:27 ..... Started mapping
Feb 16 19:21:44 ..... Started sorting BAM
Feb 16 19:21:56 ..... Finished successfully
STAR alignment complete
