
Cell171
Script is beginning...
Analysis complete for Cell171.R1.fastq.gz
Analysis complete for Cell171.R2.fastq.gz
FastQC complete
Feb 16 17:43:33 ..... Started STAR run
Feb 16 17:43:44 ..... Started mapping
Feb 16 17:43:58 ..... Started sorting BAM
Feb 16 17:44:06 ..... Finished successfully
STAR alignment complete

Cell171
Script is beginning...
Analysis complete for Cell171.R1.fastq.gz
Analysis complete for Cell171.R2.fastq.gz
FastQC complete
Feb 16 19:11:13 ..... Started STAR run
Feb 16 19:11:31 ..... Started mapping
Feb 16 19:11:45 ..... Started sorting BAM
Feb 16 19:11:51 ..... Finished successfully
STAR alignment complete
