
Cell99
Script is beginning...
Analysis complete for Cell99.R1.fastq.gz
Analysis complete for Cell99.R2.fastq.gz
FastQC complete
Feb 16 18:34:33 ..... Started STAR run
Feb 16 18:40:35 ..... Started mapping
Feb 16 18:40:53 ..... Started sorting BAM
Feb 16 18:41:07 ..... Finished successfully
STAR alignment complete

Cell99
Script is beginning...
Analysis complete for Cell99.R1.fastq.gz
Analysis complete for Cell99.R2.fastq.gz
FastQC complete
Feb 16 20:04:46 ..... Started STAR run
Feb 16 20:09:02 ..... Started mapping
Feb 16 20:09:17 ..... Started sorting BAM
Feb 16 20:09:22 ..... Finished successfully
STAR alignment complete
