
Cell180
Script is beginning...
Analysis complete for Cell180.R1.fastq.gz
Analysis complete for Cell180.R2.fastq.gz
FastQC complete
Feb 16 17:49:33 ..... Started STAR run
Feb 16 17:54:07 ..... Started mapping
Feb 16 17:54:27 ..... Started sorting BAM
Feb 16 17:54:33 ..... Finished successfully
STAR alignment complete

Cell180
Script is beginning...
Analysis complete for Cell180.R1.fastq.gz
Analysis complete for Cell180.R2.fastq.gz
FastQC complete
Feb 16 19:15:58 ..... Started STAR run
Feb 16 19:16:12 ..... Started mapping
Feb 16 19:16:26 ..... Started sorting BAM
Feb 16 19:16:34 ..... Finished successfully
STAR alignment complete
