
Cell97
Script is beginning...
Analysis complete for Cell97.R1.fastq.gz
Analysis complete for Cell97.R2.fastq.gz
FastQC complete
Feb 16 18:34:02 ..... Started STAR run
Feb 16 18:34:14 ..... Started mapping
Feb 16 18:34:27 ..... Started sorting BAM
Feb 16 18:34:35 ..... Finished successfully
STAR alignment complete

Cell97
Script is beginning...
Analysis complete for Cell97.R1.fastq.gz
Analysis complete for Cell97.R2.fastq.gz
FastQC complete
Feb 16 20:04:32 ..... Started STAR run
Feb 16 20:09:02 ..... Started mapping
Feb 16 20:09:17 ..... Started sorting BAM
Feb 16 20:09:22 ..... Finished successfully
STAR alignment complete
