
Cell86
Script is beginning...
Analysis complete for Cell86.R1.fastq.gz
Analysis complete for Cell86.R2.fastq.gz
FastQC complete
Feb 16 18:30:16 ..... Started STAR run
Feb 16 18:33:32 ..... Started mapping
Feb 16 18:33:53 ..... Started sorting BAM
Feb 16 18:34:03 ..... Finished successfully
STAR alignment complete

Cell86
Script is beginning...
Analysis complete for Cell86.R1.fastq.gz
Analysis complete for Cell86.R2.fastq.gz
FastQC complete
Feb 16 19:59:22 ..... Started STAR run
Feb 16 19:59:49 ..... Started mapping
Feb 16 20:00:09 ..... Started sorting BAM
Feb 16 20:00:34 ..... Finished successfully
STAR alignment complete
