
Cell153
Script is beginning...
Analysis complete for Cell153.R1.fastq.gz
Analysis complete for Cell153.R2.fastq.gz
FastQC complete
Feb 16 17:36:13 ..... Started STAR run
Feb 16 17:36:25 ..... Started mapping
Feb 16 17:36:41 ..... Started sorting BAM
Feb 16 17:36:42 ..... Finished successfully
STAR alignment complete

Cell153
Script is beginning...
Analysis complete for Cell153.R1.fastq.gz
Analysis complete for Cell153.R2.fastq.gz
FastQC complete
Feb 16 18:59:24 ..... Started STAR run
Feb 16 19:06:04 ..... Started mapping
Feb 16 19:06:19 ..... Started sorting BAM
Feb 16 19:06:21 ..... Finished successfully
STAR alignment complete
