
Cell73
Script is beginning...
Analysis complete for Cell73.R1.fastq.gz
Analysis complete for Cell73.R2.fastq.gz
FastQC complete
Feb 16 18:22:52 ..... Started STAR run
Feb 16 18:23:05 ..... Started mapping
Feb 16 18:23:19 ..... Started sorting BAM
Feb 16 18:23:34 ..... Finished successfully
STAR alignment complete

Cell73
Script is beginning...
Analysis complete for Cell73.R1.fastq.gz
Analysis complete for Cell73.R2.fastq.gz
FastQC complete
Feb 16 19:53:45 ..... Started STAR run
Feb 16 19:53:56 ..... Started mapping
Feb 16 19:54:09 ..... Started sorting BAM
Feb 16 19:54:14 ..... Finished successfully
STAR alignment complete
