
Cell177
Script is beginning...
Analysis complete for Cell177.R1.fastq.gz
Analysis complete for Cell177.R2.fastq.gz
FastQC complete
Feb 16 17:47:23 ..... Started STAR run
Feb 16 17:47:35 ..... Started mapping
Feb 16 17:47:50 ..... Started sorting BAM
Feb 16 17:47:59 ..... Finished successfully
STAR alignment complete

Cell177
Script is beginning...
Analysis complete for Cell177.R1.fastq.gz
Analysis complete for Cell177.R2.fastq.gz
FastQC complete
Feb 16 19:14:48 ..... Started STAR run
Feb 16 19:21:27 ..... Started mapping
Feb 16 19:21:45 ..... Started sorting BAM
Feb 16 19:21:57 ..... Finished successfully
STAR alignment complete
