
Cell16
Script is beginning...
Analysis complete for Cell16.R1.fastq.gz
Analysis complete for Cell16.R2.fastq.gz
FastQC complete
Feb 16 17:43:03 ..... Started STAR run
Feb 16 17:50:00 ..... Started mapping
Feb 16 17:50:16 ..... Started sorting BAM
Feb 16 17:50:26 ..... Finished successfully
STAR alignment complete

Cell16
Script is beginning...
Analysis complete for Cell16.R1.fastq.gz
Analysis complete for Cell16.R2.fastq.gz
FastQC complete
Feb 16 19:08:48 ..... Started STAR run
Feb 16 19:15:10 ..... Started mapping
Feb 16 19:15:27 ..... Started sorting BAM
Feb 16 19:15:44 ..... Finished successfully
STAR alignment complete
