Starting Compile_Mapped_Reads_Bulk.sh... Wed Mar 16 11:50:18 PDT 2016
In bam: /geschwindlabshares/eQTL/data/FetalBrainRNASeq/MergeBAM/1823/1823.merge.remarkdup.bam
In bam sample name: 1823
Starting counting mapped reads...
Done counting mapped reads...
1823	10
In bam: /geschwindlabshares/eQTL/data/FetalBrainRNASeq/MergeBAM/1824/1824.merge.remarkdup.bam
In bam sample name: 1824
Starting counting mapped reads...
Done counting mapped reads...
1824	10
In bam: /geschwindlabshares/eQTL/data/FetalBrainRNASeq/MergeBAM/1825/1825.merge.remarkdup.bam
In bam sample name: 1825
Starting counting mapped reads...
Done counting mapped reads...
1825	10
In bam: /geschwindlabshares/eQTL/data/FetalBrainRNASeq/MergeBAM/1826/1826.merge.remarkdup.bam
In bam sample name: 1826
Starting counting mapped reads...
Done counting mapped reads...
1826	10
In bam: /geschwindlabshares/eQTL/data/FetalBrainRNASeq/MergeBAM/1827/1827.merge.remarkdup.bam
In bam sample name: 1827
Starting counting mapped reads...
Done counting mapped reads...
1827	10
In bam: /geschwindlabshares/eQTL/data/FetalBrainRNASeq/MergeBAM/1828/1828.merge.remarkdup.bam
In bam sample name: 1828
Starting counting mapped reads...
Done counting mapped reads...
1828	10
In bam: /geschwindlabshares/eQTL/Round2/2015-9086R/data/MergeBAM/RNAID2147/RNAID2147.merge.remarkdup.bam
In bam sample name: RNAID2147
Starting counting mapped reads...
Done counting mapped reads...
RNAID2147	10
In bam: /geschwindlabshares/eQTL/Round2/data/MergeBAM/RNAID2148/RNAID2148.merge.remarkdup.bam
In bam sample name: RNAID2148
Starting counting mapped reads...
Done counting mapped reads...
RNAID2148	10
In bam: /geschwindlabshares/eQTL/Round2/data/MergeBAM/RNAID2149/RNAID2149.merge.remarkdup.bam
In bam sample name: RNAID2149
Starting counting mapped reads...
Done counting mapped reads...
RNAID2149	10
In bam: /geschwindlabshares/eQTL/Round2/data/MergeBAM/RNAID2150/RNAID2150.merge.remarkdup.bam
In bam sample name: RNAID2150
Starting counting mapped reads...
Done counting mapped reads...
RNAID2150	10
In bam: /geschwindlabshares/eQTL/Round2/data/MergeBAM/RNAID2151/RNAID2151.merge.remarkdup.bam
In bam sample name: RNAID2151
Starting counting mapped reads...
Done counting mapped reads...
RNAID2151	10
In bam: /geschwindlabshares/eQTL/Round2/data/MergeBAM/RNAID2152/RNAID2152.merge.remarkdup.bam
In bam sample name: RNAID2152
Starting counting mapped reads...
Done counting mapped reads...
RNAID2152	10
In bam: /geschwindlabshares/eQTL/Round2/data/MergeBAM/RNAID2157/RNAID2157.merge.remarkdup.bam
In bam sample name: RNAID2157
Starting counting mapped reads...
Done counting mapped reads...
RNAID2157	10
In bam: /geschwindlabshares/eQTL/Round2/2015-9086R/data/MergeBAM/RNAID2158/RNAID2158.merge.remarkdup.bam
In bam sample name: RNAID2158
Starting counting mapped reads...
Done counting mapped reads...
RNAID2158	10
In bam: /geschwindlabshares/eQTL/Round2/2015-9086R/data/MergeBAM/RNAID2159/RNAID2159.merge.remarkdup.bam
In bam sample name: RNAID2159
Starting counting mapped reads...
Done counting mapped reads...
RNAID2159	10
In bam: /geschwindlabshares/eQTL/Round2/data/MergeBAM/RNAID2160/RNAID2160.merge.remarkdup.bam
In bam sample name: RNAID2160
Starting counting mapped reads...
Done counting mapped reads...
RNAID2160	10
In bam: /geschwindlabshares/eQTL/Round2/2015-9086R/data/MergeBAM/RNAID2161/RNAID2161.merge.remarkdup.bam
In bam sample name: RNAID2161
Starting counting mapped reads...
Done counting mapped reads...
RNAID2161	10
In bam: /geschwindlabshares/eQTL/Round2/2015-9086R/data/MergeBAM/RNAID2162/RNAID2162.merge.remarkdup.bam
In bam sample name: RNAID2162
Starting counting mapped reads...
Done counting mapped reads...
RNAID2162	10
2016-03-16	11:50:20
End of Compile_Mapped_Reads_Bulk.sh...
Starting Compile_Mapped_Reads_Bulk.sh... Wed Mar 16 12:17:38 PDT 2016
In bam: /geschwindlabshares/eQTL/data/FetalBrainRNASeq/MergeBAM/1823/1823.merge.remarkdup.bam
In bam sample name: 1823
Starting counting mapped reads...
Done counting mapped reads...
1823	95700774
In bam: /geschwindlabshares/eQTL/data/FetalBrainRNASeq/MergeBAM/1824/1824.merge.remarkdup.bam
In bam sample name: 1824
Starting counting mapped reads...
Done counting mapped reads...
1824	140230904
In bam: /geschwindlabshares/eQTL/data/FetalBrainRNASeq/MergeBAM/1825/1825.merge.remarkdup.bam
In bam sample name: 1825
Starting counting mapped reads...
Done counting mapped reads...
1825	108249936
In bam: /geschwindlabshares/eQTL/data/FetalBrainRNASeq/MergeBAM/1826/1826.merge.remarkdup.bam
In bam sample name: 1826
Starting counting mapped reads...
Done counting mapped reads...
1826	92353180
In bam: /geschwindlabshares/eQTL/data/FetalBrainRNASeq/MergeBAM/1827/1827.merge.remarkdup.bam
In bam sample name: 1827
Starting counting mapped reads...
Done counting mapped reads...
1827	125868940
In bam: /geschwindlabshares/eQTL/data/FetalBrainRNASeq/MergeBAM/1828/1828.merge.remarkdup.bam
In bam sample name: 1828
Starting counting mapped reads...
Done counting mapped reads...
1828	117076886
In bam: /geschwindlabshares/eQTL/Round2/2015-9086R/data/MergeBAM/RNAID2147/RNAID2147.merge.remarkdup.bam
In bam sample name: RNAID2147
Starting counting mapped reads...
Done counting mapped reads...
RNAID2147	79658502
In bam: /geschwindlabshares/eQTL/Round2/data/MergeBAM/RNAID2148/RNAID2148.merge.remarkdup.bam
In bam sample name: RNAID2148
Starting counting mapped reads...
Done counting mapped reads...
RNAID2148	93440092
In bam: /geschwindlabshares/eQTL/Round2/data/MergeBAM/RNAID2149/RNAID2149.merge.remarkdup.bam
In bam sample name: RNAID2149
Starting counting mapped reads...
Done counting mapped reads...
RNAID2149	83380372
In bam: /geschwindlabshares/eQTL/Round2/data/MergeBAM/RNAID2150/RNAID2150.merge.remarkdup.bam
In bam sample name: RNAID2150
Starting counting mapped reads...
Done counting mapped reads...
RNAID2150	81847158
In bam: /geschwindlabshares/eQTL/Round2/data/MergeBAM/RNAID2151/RNAID2151.merge.remarkdup.bam
In bam sample name: RNAID2151
Starting counting mapped reads...
